{"Z:\\codes\\aghsorm\\src\\builder.ts": {"path":"Z:\\codes\\aghsorm\\src\\builder.ts","statementMap":{"0":{"start":{"line":7,"column":8},"end":{"line":7,"column":null}},"1":{"start":{"line":11,"column":8},"end":{"line":11,"column":null}},"2":{"start":{"line":12,"column":8},"end":{"line":12,"column":null}},"3":{"start":{"line":16,"column":8},"end":{"line":16,"column":null}},"4":{"start":{"line":22,"column":8},"end":{"line":22,"column":null}},"5":{"start":{"line":22,"column":30},"end":{"line":22,"column":null}},"6":{"start":{"line":23,"column":8},"end":{"line":23,"column":null}},"7":{"start":{"line":24,"column":8},"end":{"line":24,"column":null}}},"fnMap":{"0":{"name":"(anonymous_0)","decl":{"start":{"line":6,"column":4},"end":{"line":6,"column":16}},"loc":{"start":{"line":6,"column":26},"end":{"line":7,"column":null}},"line":6},"1":{"name":"(anonymous_1)","decl":{"start":{"line":10,"column":4},"end":{"line":10,"column":8}},"loc":{"start":{"line":10,"column":56},"end":{"line":12,"column":null}},"line":10},"2":{"name":"(anonymous_2)","decl":{"start":{"line":15,"column":4},"end":{"line":15,"column":16}},"loc":{"start":{"line":15,"column":16},"end":{"line":16,"column":null}},"line":15},"3":{"name":"(anonymous_3)","decl":{"start":{"line":21,"column":4},"end":{"line":21,"column":8}},"loc":{"start":{"line":21,"column":56},"end":{"line":24,"column":null}},"line":21}},"branchMap":{"0":{"loc":{"start":{"line":22,"column":8},"end":{"line":22,"column":null}},"type":"if","locations":[{"start":{"line":22,"column":8},"end":{"line":22,"column":null}},{"start":{},"end":{}}],"line":22}},"s":{"0":0,"1":0,"2":0,"3":0,"4":0,"5":0,"6":0,"7":0},"f":{"0":0,"1":0,"2":0,"3":0},"b":{"0":[0,0]},"meta":{"lastBranch":1,"lastFunction":4,"lastStatement":8,"seen":{"f:6:4:6:16":0,"s:7:8:7:Infinity":0,"f:10:4:10:8":1,"s:11:8:11:Infinity":1,"s:12:8:12:Infinity":2,"f:15:4:15:16":2,"s:16:8:16:Infinity":3,"f:21:4:21:8":3,"b:22:8:22:Infinity:undefined:undefined:undefined:undefined":0,"s:22:8:22:Infinity":4,"s:22:30:22:Infinity":5,"s:23:8:23:Infinity":6,"s:24:8:24:Infinity":7}}}
,"Z:\\codes\\aghsorm\\src\\ctxvals.ts": {"path":"Z:\\codes\\aghsorm\\src\\ctxvals.ts","statementMap":{"0":{"start":{"line":4,"column":24},"end":{"line":4,"column":null}},"1":{"start":{"line":7,"column":4},"end":{"line":7,"column":null}},"2":{"start":{"line":11,"column":18},"end":{"line":11,"column":26}},"3":{"start":{"line":12,"column":4},"end":{"line":13,"column":null}},"4":{"start":{"line":13,"column":8},"end":{"line":13,"column":null}},"5":{"start":{"line":15,"column":4},"end":{"line":15,"column":null}}},"fnMap":{"0":{"name":"getCtx","decl":{"start":{"line":6,"column":16},"end":{"line":6,"column":48}},"loc":{"start":{"line":6,"column":48},"end":{"line":7,"column":null}},"line":6},"1":{"name":"mustdbctx","decl":{"start":{"line":10,"column":16},"end":{"line":10,"column":39}},"loc":{"start":{"line":10,"column":39},"end":{"line":15,"column":null}},"line":10}},"branchMap":{"0":{"loc":{"start":{"line":12,"column":4},"end":{"line":13,"column":null}},"type":"if","locations":[{"start":{"line":12,"column":4},"end":{"line":13,"column":null}},{"start":{},"end":{}}],"line":12}},"s":{"0":1,"1":70,"2":20,"3":20,"4":0,"5":20},"f":{"0":70,"1":20},"b":{"0":[0,20]},"meta":{"lastBranch":1,"lastFunction":2,"lastStatement":6,"seen":{"s:4:24:4:Infinity":0,"f:6:16:6:48":0,"s:7:4:7:Infinity":1,"f:10:16:10:39":1,"s:11:18:11:26":2,"b:12:4:13:Infinity:undefined:undefined:undefined:undefined":0,"s:12:4:13:Infinity":3,"s:13:8:13:Infinity":4,"s:15:4:15:Infinity":5}}}
,"Z:\\codes\\aghsorm\\src\\ddl.clickhouse.ts": {"path":"Z:\\codes\\aghsorm\\src\\ddl.clickhouse.ts","statementMap":{"0":{"start":{"line":33,"column":31},"end":{"line":43,"column":null}},"1":{"start":{"line":45,"column":28},"end":{"line":104,"column":null}},"2":{"start":{"line":15,"column":8},"end":{"line":15,"column":null}},"3":{"start":{"line":22,"column":8},"end":{"line":22,"column":null}},"4":{"start":{"line":30,"column":8},"end":{"line":30,"column":null}},"5":{"start":{"line":35,"column":12},"end":{"line":35,"column":null}},"6":{"start":{"line":38,"column":12},"end":{"line":38,"column":null}},"7":{"start":{"line":41,"column":12},"end":{"line":41,"column":null}},"8":{"start":{"line":52,"column":23},"end":{"line":52,"column":null}},"9":{"start":{"line":53,"column":23},"end":{"line":53,"column":null}},"10":{"start":{"line":54,"column":24},"end":{"line":54,"column":null}},"11":{"start":{"line":56,"column":12},"end":{"line":56,"column":null}},"12":{"start":{"line":56,"column":42},"end":{"line":56,"column":null}},"13":{"start":{"line":57,"column":12},"end":{"line":57,"column":null}},"14":{"start":{"line":57,"column":36},"end":{"line":57,"column":null}},"15":{"start":{"line":58,"column":12},"end":{"line":58,"column":null}},"16":{"start":{"line":64,"column":22},"end":{"line":64,"column":null}},"17":{"start":{"line":66,"column":20},"end":{"line":66,"column":null}},"18":{"start":{"line":67,"column":22},"end":{"line":67,"column":null}},"19":{"start":{"line":68,"column":20},"end":{"line":68,"column":null}},"20":{"start":{"line":70,"column":12},"end":{"line":70,"column":null}},"21":{"start":{"line":70,"column":27},"end":{"line":70,"column":null}},"22":{"start":{"line":71,"column":12},"end":{"line":71,"column":null}},"23":{"start":{"line":75,"column":22},"end":{"line":75,"column":null}},"24":{"start":{"line":76,"column":30},"end":{"line":76,"column":null}},"25":{"start":{"line":77,"column":12},"end":{"line":78,"column":null}},"26":{"start":{"line":78,"column":16},"end":{"line":78,"column":null}},"27":{"start":{"line":80,"column":12},"end":{"line":80,"column":null}},"28":{"start":{"line":83,"column":26},"end":{"line":83,"column":28}},"29":{"start":{"line":84,"column":22},"end":{"line":84,"column":null}},"30":{"start":{"line":85,"column":12},"end":{"line":91,"column":null}},"31":{"start":{"line":86,"column":16},"end":{"line":86,"column":null}},"32":{"start":{"line":87,"column":16},"end":{"line":89,"column":null}},"33":{"start":{"line":88,"column":20},"end":{"line":88,"column":null}},"34":{"start":{"line":89,"column":20},"end":{"line":89,"column":null}},"35":{"start":{"line":91,"column":16},"end":{"line":91,"column":null}},"36":{"start":{"line":93,"column":12},"end":{"line":93,"column":null}},"37":{"start":{"line":93,"column":49},"end":{"line":93,"column":86}},"38":{"start":{"line":95,"column":20},"end":{"line":95,"column":null}},"39":{"start":{"line":96,"column":20},"end":{"line":96,"column":null}},"40":{"start":{"line":97,"column":20},"end":{"line":97,"column":null}},"41":{"start":{"line":98,"column":23},"end":{"line":98,"column":null}},"42":{"start":{"line":99,"column":20},"end":{"line":99,"column":null}},"43":{"start":{"line":101,"column":33},"end":{"line":101,"column":null}},"44":{"start":{"line":102,"column":51},"end":{"line":102,"column":null}},"45":{"start":{"line":103,"column":36},"end":{"line":103,"column":null}},"46":{"start":{"line":108,"column":4},"end":{"line":110,"column":null}},"47":{"start":{"line":109,"column":8},"end":{"line":109,"column":null}},"48":{"start":{"line":109,"column":29},"end":{"line":109,"column":null}},"49":{"start":{"line":110,"column":8},"end":{"line":110,"column":null}},"50":{"start":{"line":115,"column":4},"end":{"line":117,"column":null}},"51":{"start":{"line":116,"column":8},"end":{"line":116,"column":null}},"52":{"start":{"line":116,"column":35},"end":{"line":116,"column":null}},"53":{"start":{"line":117,"column":8},"end":{"line":117,"column":null}},"54":{"start":{"line":122,"column":4},"end":{"line":124,"column":null}},"55":{"start":{"line":123,"column":8},"end":{"line":123,"column":null}},"56":{"start":{"line":123,"column":34},"end":{"line":123,"column":null}},"57":{"start":{"line":124,"column":8},"end":{"line":124,"column":null}},"58":{"start":{"line":129,"column":4},"end":{"line":131,"column":null}},"59":{"start":{"line":130,"column":8},"end":{"line":130,"column":null}},"60":{"start":{"line":130,"column":38},"end":{"line":130,"column":null}},"61":{"start":{"line":131,"column":8},"end":{"line":131,"column":null}}},"fnMap":{"0":{"name":"(anonymous_0)","decl":{"start":{"line":7,"column":11},"end":{"line":7,"column":21}},"loc":{"start":{"line":14,"column":28},"end":{"line":15,"column":null}},"line":14},"1":{"name":"(anonymous_1)","decl":{"start":{"line":18,"column":11},"end":{"line":18,"column":19}},"loc":{"start":{"line":21,"column":28},"end":{"line":22,"column":null}},"line":21},"2":{"name":"(anonymous_2)","decl":{"start":{"line":25,"column":11},"end":{"line":25,"column":21}},"loc":{"start":{"line":29,"column":28},"end":{"line":30,"column":null}},"line":29},"3":{"name":"(anonymous_3)","decl":{"start":{"line":34,"column":8},"end":{"line":34,"column":20}},"loc":{"start":{"line":34,"column":20},"end":{"line":35,"column":null}},"line":34},"4":{"name":"(anonymous_4)","decl":{"start":{"line":37,"column":8},"end":{"line":37,"column":18}},"loc":{"start":{"line":37,"column":18},"end":{"line":38,"column":null}},"line":37},"5":{"name":"(anonymous_5)","decl":{"start":{"line":40,"column":8},"end":{"line":40,"column":20}},"loc":{"start":{"line":40,"column":20},"end":{"line":41,"column":null}},"line":40},"6":{"name":"(anonymous_6)","decl":{"start":{"line":52,"column":8},"end":{"line":52,"column":23}},"loc":{"start":{"line":52,"column":23},"end":{"line":52,"column":null}},"line":52},"7":{"name":"(anonymous_7)","decl":{"start":{"line":53,"column":8},"end":{"line":53,"column":23}},"loc":{"start":{"line":53,"column":23},"end":{"line":53,"column":null}},"line":53},"8":{"name":"(anonymous_8)","decl":{"start":{"line":54,"column":8},"end":{"line":54,"column":24}},"loc":{"start":{"line":54,"column":24},"end":{"line":54,"column":null}},"line":54},"9":{"name":"(anonymous_9)","decl":{"start":{"line":55,"column":8},"end":{"line":55,"column":18}},"loc":{"start":{"line":55,"column":68},"end":{"line":58,"column":null}},"line":55},"10":{"name":"(anonymous_10)","decl":{"start":{"line":64,"column":8},"end":{"line":64,"column":22}},"loc":{"start":{"line":64,"column":22},"end":{"line":64,"column":null}},"line":64},"11":{"name":"(anonymous_11)","decl":{"start":{"line":66,"column":8},"end":{"line":66,"column":20}},"loc":{"start":{"line":66,"column":20},"end":{"line":66,"column":null}},"line":66},"12":{"name":"(anonymous_12)","decl":{"start":{"line":67,"column":8},"end":{"line":67,"column":22}},"loc":{"start":{"line":67,"column":22},"end":{"line":67,"column":null}},"line":67},"13":{"name":"(anonymous_13)","decl":{"start":{"line":68,"column":8},"end":{"line":68,"column":20}},"loc":{"start":{"line":68,"column":20},"end":{"line":68,"column":null}},"line":68},"14":{"name":"(anonymous_14)","decl":{"start":{"line":69,"column":8},"end":{"line":69,"column":19}},"loc":{"start":{"line":69,"column":46},"end":{"line":71,"column":null}},"line":69},"15":{"name":"(anonymous_15)","decl":{"start":{"line":74,"column":8},"end":{"line":74,"column":21}},"loc":{"start":{"line":74,"column":68},"end":{"line":80,"column":null}},"line":74},"16":{"name":"(anonymous_16)","decl":{"start":{"line":82,"column":8},"end":{"line":82,"column":15}},"loc":{"start":{"line":82,"column":82},"end":{"line":93,"column":null}},"line":82},"17":{"name":"(anonymous_17)","decl":{"start":{"line":93,"column":33},"end":{"line":93,"column":38}},"loc":{"start":{"line":93,"column":49},"end":{"line":93,"column":86}},"line":93},"18":{"name":"(anonymous_18)","decl":{"start":{"line":95,"column":8},"end":{"line":95,"column":20}},"loc":{"start":{"line":95,"column":20},"end":{"line":95,"column":null}},"line":95},"19":{"name":"(anonymous_19)","decl":{"start":{"line":96,"column":8},"end":{"line":96,"column":20}},"loc":{"start":{"line":96,"column":20},"end":{"line":96,"column":null}},"line":96},"20":{"name":"(anonymous_20)","decl":{"start":{"line":97,"column":8},"end":{"line":97,"column":20}},"loc":{"start":{"line":97,"column":20},"end":{"line":97,"column":null}},"line":97},"21":{"name":"(anonymous_21)","decl":{"start":{"line":98,"column":8},"end":{"line":98,"column":23}},"loc":{"start":{"line":98,"column":23},"end":{"line":98,"column":null}},"line":98},"22":{"name":"(anonymous_22)","decl":{"start":{"line":99,"column":8},"end":{"line":99,"column":20}},"loc":{"start":{"line":99,"column":20},"end":{"line":99,"column":null}},"line":99},"23":{"name":"(anonymous_23)","decl":{"start":{"line":101,"column":8},"end":{"line":101,"column":16}},"loc":{"start":{"line":101,"column":33},"end":{"line":101,"column":null}},"line":101},"24":{"name":"(anonymous_24)","decl":{"start":{"line":102,"column":8},"end":{"line":102,"column":14}},"loc":{"start":{"line":102,"column":51},"end":{"line":102,"column":null}},"line":102},"25":{"name":"(anonymous_25)","decl":{"start":{"line":103,"column":8},"end":{"line":103,"column":19}},"loc":{"start":{"line":103,"column":36},"end":{"line":103,"column":null}},"line":103},"26":{"name":"inttype","decl":{"start":{"line":107,"column":9},"end":{"line":107,"column":17}},"loc":{"start":{"line":107,"column":31},"end":{"line":110,"column":null}},"line":107},"27":{"name":"(anonymous_27)","decl":{"start":{"line":108,"column":4},"end":{"line":108,"column":12}},"loc":{"start":{"line":108,"column":46},"end":{"line":110,"column":null}},"line":108},"28":{"name":"sizetype","decl":{"start":{"line":114,"column":9},"end":{"line":114,"column":18}},"loc":{"start":{"line":114,"column":32},"end":{"line":117,"column":null}},"line":114},"29":{"name":"(anonymous_29)","decl":{"start":{"line":115,"column":4},"end":{"line":115,"column":12}},"loc":{"start":{"line":115,"column":43},"end":{"line":117,"column":null}},"line":115},"30":{"name":"scaletype","decl":{"start":{"line":121,"column":9},"end":{"line":121,"column":19}},"loc":{"start":{"line":121,"column":33},"end":{"line":124,"column":null}},"line":121},"31":{"name":"(anonymous_31)","decl":{"start":{"line":122,"column":4},"end":{"line":122,"column":12}},"loc":{"start":{"line":122,"column":42},"end":{"line":124,"column":null}},"line":122},"32":{"name":"precisiontype","decl":{"start":{"line":128,"column":9},"end":{"line":128,"column":23}},"loc":{"start":{"line":128,"column":37},"end":{"line":131,"column":null}},"line":128},"33":{"name":"(anonymous_33)","decl":{"start":{"line":129,"column":4},"end":{"line":129,"column":12}},"loc":{"start":{"line":129,"column":46},"end":{"line":131,"column":null}},"line":129}},"branchMap":{"0":{"loc":{"start":{"line":56,"column":12},"end":{"line":56,"column":null}},"type":"if","locations":[{"start":{"line":56,"column":12},"end":{"line":56,"column":null}},{"start":{},"end":{}}],"line":56},"1":{"loc":{"start":{"line":56,"column":16},"end":{"line":56,"column":42}},"type":"binary-expr","locations":[{"start":{"line":56,"column":16},"end":{"line":56,"column":25}},{"start":{"line":56,"column":25},"end":{"line":56,"column":42}}],"line":56},"2":{"loc":{"start":{"line":57,"column":12},"end":{"line":57,"column":null}},"type":"if","locations":[{"start":{"line":57,"column":12},"end":{"line":57,"column":null}},{"start":{},"end":{}}],"line":57},"3":{"loc":{"start":{"line":70,"column":12},"end":{"line":70,"column":null}},"type":"if","locations":[{"start":{"line":70,"column":12},"end":{"line":70,"column":null}},{"start":{},"end":{}}],"line":70},"4":{"loc":{"start":{"line":76,"column":30},"end":{"line":76,"column":null}},"type":"binary-expr","locations":[{"start":{"line":76,"column":30},"end":{"line":76,"column":49}},{"start":{"line":76,"column":49},"end":{"line":76,"column":null}}],"line":76},"5":{"loc":{"start":{"line":77,"column":12},"end":{"line":78,"column":null}},"type":"if","locations":[{"start":{"line":77,"column":12},"end":{"line":78,"column":null}},{"start":{},"end":{}}],"line":77},"6":{"loc":{"start":{"line":87,"column":16},"end":{"line":89,"column":null}},"type":"if","locations":[{"start":{"line":87,"column":16},"end":{"line":89,"column":null}},{"start":{},"end":{}}],"line":87},"7":{"loc":{"start":{"line":109,"column":8},"end":{"line":109,"column":null}},"type":"if","locations":[{"start":{"line":109,"column":8},"end":{"line":109,"column":null}},{"start":{},"end":{}}],"line":109},"8":{"loc":{"start":{"line":116,"column":8},"end":{"line":116,"column":null}},"type":"if","locations":[{"start":{"line":116,"column":8},"end":{"line":116,"column":null}},{"start":{},"end":{}}],"line":116},"9":{"loc":{"start":{"line":116,"column":12},"end":{"line":116,"column":35}},"type":"binary-expr","locations":[{"start":{"line":116,"column":12},"end":{"line":116,"column":21}},{"start":{"line":116,"column":21},"end":{"line":116,"column":35}}],"line":116},"10":{"loc":{"start":{"line":123,"column":8},"end":{"line":123,"column":null}},"type":"if","locations":[{"start":{"line":123,"column":8},"end":{"line":123,"column":null}},{"start":{},"end":{}}],"line":123},"11":{"loc":{"start":{"line":123,"column":12},"end":{"line":123,"column":34}},"type":"binary-expr","locations":[{"start":{"line":123,"column":12},"end":{"line":123,"column":21}},{"start":{"line":123,"column":21},"end":{"line":123,"column":34}}],"line":123},"12":{"loc":{"start":{"line":130,"column":8},"end":{"line":130,"column":null}},"type":"if","locations":[{"start":{"line":130,"column":8},"end":{"line":130,"column":null}},{"start":{},"end":{}}],"line":130},"13":{"loc":{"start":{"line":130,"column":12},"end":{"line":130,"column":38}},"type":"binary-expr","locations":[{"start":{"line":130,"column":12},"end":{"line":130,"column":21}},{"start":{"line":130,"column":21},"end":{"line":130,"column":38}}],"line":130}},"s":{"0":1,"1":1,"2":0,"3":0,"4":0,"5":0,"6":0,"7":0,"8":0,"9":0,"10":0,"11":0,"12":0,"13":0,"14":0,"15":0,"16":0,"17":0,"18":0,"19":0,"20":0,"21":0,"22":0,"23":0,"24":0,"25":0,"26":0,"27":0,"28":0,"29":0,"30":0,"31":0,"32":0,"33":0,"34":0,"35":0,"36":0,"37":0,"38":0,"39":0,"40":0,"41":0,"42":0,"43":0,"44":0,"45":0,"46":6,"47":0,"48":0,"49":0,"50":1,"51":0,"52":0,"53":0,"54":4,"55":0,"56":0,"57":0,"58":1,"59":0,"60":0,"61":0},"f":{"0":1,"1":1,"2":1,"3":0,"4":0,"5":0,"6":0,"7":0,"8":0,"9":0,"10":0,"11":0,"12":0,"13":0,"14":0,"15":0,"16":0,"17":0,"18":0,"19":0,"20":0,"21":0,"22":0,"23":0,"24":0,"25":0,"26":6,"27":0,"28":1,"29":0,"30":4,"31":0,"32":1,"33":0},"b":{"0":[0,0],"1":[0,0],"2":[0,0],"3":[0,0],"4":[0,0],"5":[0,0],"6":[0,0],"7":[0,0],"8":[0,0],"9":[0,0],"10":[0,0],"11":[0,0],"12":[0,0],"13":[0,0]},"meta":{"lastBranch":14,"lastFunction":34,"lastStatement":62,"seen":{"s:33:31:43:Infinity":0,"s:45:28:104:Infinity":1,"f:7:11:7:21":0,"s:15:8:15:Infinity":2,"f:18:11:18:19":1,"s:22:8:22:Infinity":3,"f:25:11:25:21":2,"s:30:8:30:Infinity":4,"f:34:8:34:20":3,"s:35:12:35:Infinity":5,"f:37:8:37:18":4,"s:38:12:38:Infinity":6,"f:40:8:40:20":5,"s:41:12:41:Infinity":7,"f:52:8:52:23":6,"s:52:23:52:Infinity":8,"f:53:8:53:23":7,"s:53:23:53:Infinity":9,"f:54:8:54:24":8,"s:54:24:54:Infinity":10,"f:55:8:55:18":9,"b:56:12:56:Infinity:undefined:undefined:undefined:undefined":0,"s:56:12:56:Infinity":11,"b:56:16:56:25:56:25:56:42":1,"s:56:42:56:Infinity":12,"b:57:12:57:Infinity:undefined:undefined:undefined:undefined":2,"s:57:12:57:Infinity":13,"s:57:36:57:Infinity":14,"s:58:12:58:Infinity":15,"f:64:8:64:22":10,"s:64:22:64:Infinity":16,"f:66:8:66:20":11,"s:66:20:66:Infinity":17,"f:67:8:67:22":12,"s:67:22:67:Infinity":18,"f:68:8:68:20":13,"s:68:20:68:Infinity":19,"f:69:8:69:19":14,"b:70:12:70:Infinity:undefined:undefined:undefined:undefined":3,"s:70:12:70:Infinity":20,"s:70:27:70:Infinity":21,"s:71:12:71:Infinity":22,"f:74:8:74:21":15,"s:75:22:75:Infinity":23,"s:76:30:76:Infinity":24,"b:76:30:76:49:76:49:76:Infinity":4,"b:77:12:78:Infinity:undefined:undefined:undefined:undefined":5,"s:77:12:78:Infinity":25,"s:78:16:78:Infinity":26,"s:80:12:80:Infinity":27,"f:82:8:82:15":16,"s:83:26:83:28":28,"s:84:22:84:Infinity":29,"s:85:12:91:Infinity":30,"s:86:16:86:Infinity":31,"b:87:16:89:Infinity:undefined:undefined:undefined:undefined":6,"s:87:16:89:Infinity":32,"s:88:20:88:Infinity":33,"s:89:20:89:Infinity":34,"s:91:16:91:Infinity":35,"s:93:12:93:Infinity":36,"f:93:33:93:38":17,"s:93:49:93:86":37,"f:95:8:95:20":18,"s:95:20:95:Infinity":38,"f:96:8:96:20":19,"s:96:20:96:Infinity":39,"f:97:8:97:20":20,"s:97:20:97:Infinity":40,"f:98:8:98:23":21,"s:98:23:98:Infinity":41,"f:99:8:99:20":22,"s:99:20:99:Infinity":42,"f:101:8:101:16":23,"s:101:33:101:Infinity":43,"f:102:8:102:14":24,"s:102:51:102:Infinity":44,"f:103:8:103:19":25,"s:103:36:103:Infinity":45,"f:107:9:107:17":26,"s:108:4:110:Infinity":46,"f:108:4:108:12":27,"b:109:8:109:Infinity:undefined:undefined:undefined:undefined":7,"s:109:8:109:Infinity":47,"s:109:29:109:Infinity":48,"s:110:8:110:Infinity":49,"f:114:9:114:18":28,"s:115:4:117:Infinity":50,"f:115:4:115:12":29,"b:116:8:116:Infinity:undefined:undefined:undefined:undefined":8,"s:116:8:116:Infinity":51,"b:116:12:116:21:116:21:116:35":9,"s:116:35:116:Infinity":52,"s:117:8:117:Infinity":53,"f:121:9:121:19":30,"s:122:4:124:Infinity":54,"f:122:4:122:12":31,"b:123:8:123:Infinity:undefined:undefined:undefined:undefined":10,"s:123:8:123:Infinity":55,"b:123:12:123:21:123:21:123:34":11,"s:123:34:123:Infinity":56,"s:124:8:124:Infinity":57,"f:128:9:128:23":32,"s:129:4:131:Infinity":58,"f:129:4:129:12":33,"b:130:8:130:Infinity:undefined:undefined:undefined:undefined":12,"s:130:8:130:Infinity":59,"b:130:12:130:21:130:21:130:38":13,"s:130:38:130:Infinity":60,"s:131:8:131:Infinity":61}}}
,"Z:\\codes\\aghsorm\\src\\ddl.duckdb.ts": {"path":"Z:\\codes\\aghsorm\\src\\ddl.duckdb.ts","statementMap":{"0":{"start":{"line":34,"column":31},"end":{"line":44,"column":null}},"1":{"start":{"line":46,"column":28},"end":{"line":83,"column":null}},"2":{"start":{"line":11,"column":8},"end":{"line":11,"column":null}},"3":{"start":{"line":22,"column":8},"end":{"line":22,"column":null}},"4":{"start":{"line":31,"column":8},"end":{"line":31,"column":null}},"5":{"start":{"line":36,"column":12},"end":{"line":36,"column":null}},"6":{"start":{"line":39,"column":12},"end":{"line":39,"column":null}},"7":{"start":{"line":42,"column":12},"end":{"line":42,"column":null}},"8":{"start":{"line":48,"column":19},"end":{"line":48,"column":null}},"9":{"start":{"line":51,"column":23},"end":{"line":51,"column":null}},"10":{"start":{"line":52,"column":20},"end":{"line":52,"column":null}},"11":{"start":{"line":54,"column":12},"end":{"line":54,"column":null}},"12":{"start":{"line":54,"column":42},"end":{"line":54,"column":null}},"13":{"start":{"line":55,"column":12},"end":{"line":55,"column":null}},"14":{"start":{"line":55,"column":36},"end":{"line":55,"column":null}},"15":{"start":{"line":56,"column":12},"end":{"line":56,"column":null}},"16":{"start":{"line":58,"column":22},"end":{"line":58,"column":null}},"17":{"start":{"line":59,"column":21},"end":{"line":59,"column":null}},"18":{"start":{"line":62,"column":24},"end":{"line":62,"column":null}},"19":{"start":{"line":64,"column":20},"end":{"line":64,"column":null}},"20":{"start":{"line":66,"column":12},"end":{"line":66,"column":null}},"21":{"start":{"line":66,"column":30},"end":{"line":66,"column":null}},"22":{"start":{"line":67,"column":12},"end":{"line":67,"column":null}},"23":{"start":{"line":70,"column":20},"end":{"line":70,"column":null}},"24":{"start":{"line":72,"column":20},"end":{"line":72,"column":null}},"25":{"start":{"line":75,"column":12},"end":{"line":75,"column":null}},"26":{"start":{"line":78,"column":12},"end":{"line":78,"column":null}},"27":{"start":{"line":81,"column":12},"end":{"line":81,"column":null}},"28":{"start":{"line":87,"column":4},"end":{"line":89,"column":null}},"29":{"start":{"line":88,"column":8},"end":{"line":88,"column":null}},"30":{"start":{"line":88,"column":29},"end":{"line":88,"column":null}},"31":{"start":{"line":89,"column":8},"end":{"line":89,"column":null}},"32":{"start":{"line":94,"column":4},"end":{"line":96,"column":null}},"33":{"start":{"line":95,"column":8},"end":{"line":95,"column":null}},"34":{"start":{"line":95,"column":35},"end":{"line":95,"column":null}},"35":{"start":{"line":96,"column":8},"end":{"line":96,"column":null}}},"fnMap":{"0":{"name":"(anonymous_0)","decl":{"start":{"line":6,"column":11},"end":{"line":6,"column":21}},"loc":{"start":{"line":10,"column":28},"end":{"line":11,"column":null}},"line":10},"1":{"name":"(anonymous_1)","decl":{"start":{"line":14,"column":11},"end":{"line":14,"column":19}},"loc":{"start":{"line":21,"column":28},"end":{"line":22,"column":null}},"line":21},"2":{"name":"(anonymous_2)","decl":{"start":{"line":25,"column":11},"end":{"line":25,"column":21}},"loc":{"start":{"line":30,"column":28},"end":{"line":31,"column":null}},"line":30},"3":{"name":"(anonymous_3)","decl":{"start":{"line":35,"column":8},"end":{"line":35,"column":20}},"loc":{"start":{"line":35,"column":20},"end":{"line":36,"column":null}},"line":35},"4":{"name":"(anonymous_4)","decl":{"start":{"line":38,"column":8},"end":{"line":38,"column":18}},"loc":{"start":{"line":38,"column":18},"end":{"line":39,"column":null}},"line":38},"5":{"name":"(anonymous_5)","decl":{"start":{"line":41,"column":8},"end":{"line":41,"column":20}},"loc":{"start":{"line":41,"column":20},"end":{"line":42,"column":null}},"line":41},"6":{"name":"(anonymous_6)","decl":{"start":{"line":48,"column":8},"end":{"line":48,"column":19}},"loc":{"start":{"line":48,"column":19},"end":{"line":48,"column":null}},"line":48},"7":{"name":"(anonymous_7)","decl":{"start":{"line":51,"column":8},"end":{"line":51,"column":23}},"loc":{"start":{"line":51,"column":23},"end":{"line":51,"column":null}},"line":51},"8":{"name":"(anonymous_8)","decl":{"start":{"line":52,"column":8},"end":{"line":52,"column":20}},"loc":{"start":{"line":52,"column":20},"end":{"line":52,"column":null}},"line":52},"9":{"name":"(anonymous_9)","decl":{"start":{"line":53,"column":8},"end":{"line":53,"column":18}},"loc":{"start":{"line":53,"column":68},"end":{"line":56,"column":null}},"line":53},"10":{"name":"(anonymous_10)","decl":{"start":{"line":58,"column":8},"end":{"line":58,"column":22}},"loc":{"start":{"line":58,"column":22},"end":{"line":58,"column":null}},"line":58},"11":{"name":"(anonymous_11)","decl":{"start":{"line":59,"column":8},"end":{"line":59,"column":21}},"loc":{"start":{"line":59,"column":21},"end":{"line":59,"column":null}},"line":59},"12":{"name":"(anonymous_12)","decl":{"start":{"line":62,"column":8},"end":{"line":62,"column":24}},"loc":{"start":{"line":62,"column":24},"end":{"line":62,"column":null}},"line":62},"13":{"name":"(anonymous_13)","decl":{"start":{"line":64,"column":8},"end":{"line":64,"column":20}},"loc":{"start":{"line":64,"column":20},"end":{"line":64,"column":null}},"line":64},"14":{"name":"(anonymous_14)","decl":{"start":{"line":65,"column":8},"end":{"line":65,"column":20}},"loc":{"start":{"line":65,"column":52},"end":{"line":67,"column":null}},"line":65},"15":{"name":"(anonymous_15)","decl":{"start":{"line":70,"column":8},"end":{"line":70,"column":20}},"loc":{"start":{"line":70,"column":20},"end":{"line":70,"column":null}},"line":70},"16":{"name":"(anonymous_16)","decl":{"start":{"line":72,"column":8},"end":{"line":72,"column":20}},"loc":{"start":{"line":72,"column":20},"end":{"line":72,"column":null}},"line":72},"17":{"name":"(anonymous_17)","decl":{"start":{"line":74,"column":8},"end":{"line":74,"column":16}},"loc":{"start":{"line":74,"column":45},"end":{"line":75,"column":null}},"line":74},"18":{"name":"(anonymous_18)","decl":{"start":{"line":77,"column":8},"end":{"line":77,"column":15}},"loc":{"start":{"line":77,"column":31},"end":{"line":78,"column":null}},"line":77},"19":{"name":"(anonymous_19)","decl":{"start":{"line":80,"column":8},"end":{"line":80,"column":14}},"loc":{"start":{"line":80,"column":43},"end":{"line":81,"column":null}},"line":80},"20":{"name":"inttype","decl":{"start":{"line":86,"column":9},"end":{"line":86,"column":17}},"loc":{"start":{"line":86,"column":31},"end":{"line":89,"column":null}},"line":86},"21":{"name":"(anonymous_21)","decl":{"start":{"line":87,"column":4},"end":{"line":87,"column":12}},"loc":{"start":{"line":87,"column":46},"end":{"line":89,"column":null}},"line":87},"22":{"name":"sizetype","decl":{"start":{"line":93,"column":9},"end":{"line":93,"column":18}},"loc":{"start":{"line":93,"column":32},"end":{"line":96,"column":null}},"line":93},"23":{"name":"(anonymous_23)","decl":{"start":{"line":94,"column":4},"end":{"line":94,"column":12}},"loc":{"start":{"line":94,"column":43},"end":{"line":96,"column":null}},"line":94}},"branchMap":{"0":{"loc":{"start":{"line":54,"column":12},"end":{"line":54,"column":null}},"type":"if","locations":[{"start":{"line":54,"column":12},"end":{"line":54,"column":null}},{"start":{},"end":{}}],"line":54},"1":{"loc":{"start":{"line":54,"column":16},"end":{"line":54,"column":42}},"type":"binary-expr","locations":[{"start":{"line":54,"column":16},"end":{"line":54,"column":25}},{"start":{"line":54,"column":25},"end":{"line":54,"column":42}}],"line":54},"2":{"loc":{"start":{"line":55,"column":12},"end":{"line":55,"column":null}},"type":"if","locations":[{"start":{"line":55,"column":12},"end":{"line":55,"column":null}},{"start":{},"end":{}}],"line":55},"3":{"loc":{"start":{"line":66,"column":12},"end":{"line":66,"column":null}},"type":"if","locations":[{"start":{"line":66,"column":12},"end":{"line":66,"column":null}},{"start":{},"end":{}}],"line":66},"4":{"loc":{"start":{"line":88,"column":8},"end":{"line":88,"column":null}},"type":"if","locations":[{"start":{"line":88,"column":8},"end":{"line":88,"column":null}},{"start":{},"end":{}}],"line":88},"5":{"loc":{"start":{"line":95,"column":8},"end":{"line":95,"column":null}},"type":"if","locations":[{"start":{"line":95,"column":8},"end":{"line":95,"column":null}},{"start":{},"end":{}}],"line":95},"6":{"loc":{"start":{"line":95,"column":12},"end":{"line":95,"column":35}},"type":"binary-expr","locations":[{"start":{"line":95,"column":12},"end":{"line":95,"column":21}},{"start":{"line":95,"column":21},"end":{"line":95,"column":35}}],"line":95}},"s":{"0":1,"1":1,"2":0,"3":0,"4":0,"5":0,"6":0,"7":0,"8":0,"9":0,"10":0,"11":0,"12":0,"13":0,"14":0,"15":0,"16":0,"17":0,"18":0,"19":0,"20":0,"21":0,"22":0,"23":0,"24":0,"25":0,"26":0,"27":0,"28":5,"29":0,"30":0,"31":0,"32":3,"33":0,"34":0,"35":0},"f":{"0":1,"1":1,"2":1,"3":0,"4":0,"5":0,"6":0,"7":0,"8":0,"9":0,"10":0,"11":0,"12":0,"13":0,"14":0,"15":0,"16":0,"17":0,"18":0,"19":0,"20":5,"21":0,"22":3,"23":0},"b":{"0":[0,0],"1":[0,0],"2":[0,0],"3":[0,0],"4":[0,0],"5":[0,0],"6":[0,0]},"meta":{"lastBranch":7,"lastFunction":24,"lastStatement":36,"seen":{"s:34:31:44:Infinity":0,"s:46:28:83:Infinity":1,"f:6:11:6:21":0,"s:11:8:11:Infinity":2,"f:14:11:14:19":1,"s:22:8:22:Infinity":3,"f:25:11:25:21":2,"s:31:8:31:Infinity":4,"f:35:8:35:20":3,"s:36:12:36:Infinity":5,"f:38:8:38:18":4,"s:39:12:39:Infinity":6,"f:41:8:41:20":5,"s:42:12:42:Infinity":7,"f:48:8:48:19":6,"s:48:19:48:Infinity":8,"f:51:8:51:23":7,"s:51:23:51:Infinity":9,"f:52:8:52:20":8,"s:52:20:52:Infinity":10,"f:53:8:53:18":9,"b:54:12:54:Infinity:undefined:undefined:undefined:undefined":0,"s:54:12:54:Infinity":11,"b:54:16:54:25:54:25:54:42":1,"s:54:42:54:Infinity":12,"b:55:12:55:Infinity:undefined:undefined:undefined:undefined":2,"s:55:12:55:Infinity":13,"s:55:36:55:Infinity":14,"s:56:12:56:Infinity":15,"f:58:8:58:22":10,"s:58:22:58:Infinity":16,"f:59:8:59:21":11,"s:59:21:59:Infinity":17,"f:62:8:62:24":12,"s:62:24:62:Infinity":18,"f:64:8:64:20":13,"s:64:20:64:Infinity":19,"f:65:8:65:20":14,"b:66:12:66:Infinity:undefined:undefined:undefined:undefined":3,"s:66:12:66:Infinity":20,"s:66:30:66:Infinity":21,"s:67:12:67:Infinity":22,"f:70:8:70:20":15,"s:70:20:70:Infinity":23,"f:72:8:72:20":16,"s:72:20:72:Infinity":24,"f:74:8:74:16":17,"s:75:12:75:Infinity":25,"f:77:8:77:15":18,"s:78:12:78:Infinity":26,"f:80:8:80:14":19,"s:81:12:81:Infinity":27,"f:86:9:86:17":20,"s:87:4:89:Infinity":28,"f:87:4:87:12":21,"b:88:8:88:Infinity:undefined:undefined:undefined:undefined":4,"s:88:8:88:Infinity":29,"s:88:29:88:Infinity":30,"s:89:8:89:Infinity":31,"f:93:9:93:18":22,"s:94:4:96:Infinity":32,"f:94:4:94:12":23,"b:95:8:95:Infinity:undefined:undefined:undefined:undefined":5,"s:95:8:95:Infinity":33,"b:95:12:95:21:95:21:95:35":6,"s:95:35:95:Infinity":34,"s:96:8:96:Infinity":35}}}
,"Z:\\codes\\aghsorm\\src\\ddl.ibmdb2.ts": {"path":"Z:\\codes\\aghsorm\\src\\ddl.ibmdb2.ts","statementMap":{"0":{"start":{"line":70,"column":31},"end":{"line":80,"column":null}},"1":{"start":{"line":82,"column":28},"end":{"line":118,"column":null}},"2":{"start":{"line":39,"column":8},"end":{"line":39,"column":null}},"3":{"start":{"line":54,"column":8},"end":{"line":54,"column":null}},"4":{"start":{"line":67,"column":8},"end":{"line":67,"column":null}},"5":{"start":{"line":72,"column":12},"end":{"line":72,"column":null}},"6":{"start":{"line":75,"column":12},"end":{"line":75,"column":null}},"7":{"start":{"line":78,"column":12},"end":{"line":78,"column":null}},"8":{"start":{"line":83,"column":24},"end":{"line":83,"column":null}},"9":{"start":{"line":84,"column":19},"end":{"line":84,"column":null}},"10":{"start":{"line":85,"column":22},"end":{"line":85,"column":null}},"11":{"start":{"line":90,"column":20},"end":{"line":90,"column":null}},"12":{"start":{"line":92,"column":12},"end":{"line":92,"column":null}},"13":{"start":{"line":92,"column":34},"end":{"line":92,"column":null}},"14":{"start":{"line":93,"column":12},"end":{"line":93,"column":null}},"15":{"start":{"line":101,"column":20},"end":{"line":101,"column":null}},"16":{"start":{"line":102,"column":20},"end":{"line":102,"column":null}},"17":{"start":{"line":104,"column":22},"end":{"line":104,"column":null}},"18":{"start":{"line":105,"column":12},"end":{"line":106,"column":null}},"19":{"start":{"line":106,"column":16},"end":{"line":106,"column":null}},"20":{"start":{"line":108,"column":12},"end":{"line":112,"column":null}},"21":{"start":{"line":109,"column":16},"end":{"line":112,"column":null}},"22":{"start":{"line":110,"column":20},"end":{"line":110,"column":null}},"23":{"start":{"line":112,"column":20},"end":{"line":112,"column":null}},"24":{"start":{"line":115,"column":12},"end":{"line":115,"column":null}},"25":{"start":{"line":117,"column":21},"end":{"line":117,"column":null}},"26":{"start":{"line":123,"column":4},"end":{"line":128,"column":null}},"27":{"start":{"line":124,"column":8},"end":{"line":124,"column":null}},"28":{"start":{"line":124,"column":38},"end":{"line":124,"column":null}},"29":{"start":{"line":125,"column":8},"end":{"line":126,"column":null}},"30":{"start":{"line":126,"column":12},"end":{"line":126,"column":null}},"31":{"start":{"line":128,"column":8},"end":{"line":128,"column":null}},"32":{"start":{"line":133,"column":4},"end":{"line":135,"column":null}},"33":{"start":{"line":134,"column":8},"end":{"line":134,"column":null}},"34":{"start":{"line":134,"column":30},"end":{"line":134,"column":null}},"35":{"start":{"line":135,"column":8},"end":{"line":135,"column":null}},"36":{"start":{"line":140,"column":4},"end":{"line":142,"column":null}},"37":{"start":{"line":141,"column":8},"end":{"line":141,"column":null}},"38":{"start":{"line":141,"column":35},"end":{"line":141,"column":null}},"39":{"start":{"line":142,"column":8},"end":{"line":142,"column":null}},"40":{"start":{"line":147,"column":4},"end":{"line":161,"column":null}},"41":{"start":{"line":148,"column":18},"end":{"line":148,"column":64}},"42":{"start":{"line":149,"column":8},"end":{"line":157,"column":null}},"43":{"start":{"line":150,"column":12},"end":{"line":157,"column":null}},"44":{"start":{"line":152,"column":20},"end":{"line":152,"column":null}},"45":{"start":{"line":153,"column":20},"end":{"line":153,"column":null}},"46":{"start":{"line":156,"column":20},"end":{"line":156,"column":null}},"47":{"start":{"line":157,"column":20},"end":{"line":157,"column":null}},"48":{"start":{"line":161,"column":8},"end":{"line":161,"column":null}}},"fnMap":{"0":{"name":"(anonymous_0)","decl":{"start":{"line":6,"column":11},"end":{"line":6,"column":21}},"loc":{"start":{"line":38,"column":28},"end":{"line":39,"column":null}},"line":38},"1":{"name":"(anonymous_1)","decl":{"start":{"line":43,"column":11},"end":{"line":43,"column":null}},"loc":{"start":{"line":53,"column":27},"end":{"line":54,"column":null}},"line":53},"2":{"name":"(anonymous_2)","decl":{"start":{"line":57,"column":11},"end":{"line":57,"column":21}},"loc":{"start":{"line":66,"column":28},"end":{"line":67,"column":null}},"line":66},"3":{"name":"(anonymous_3)","decl":{"start":{"line":71,"column":8},"end":{"line":71,"column":20}},"loc":{"start":{"line":71,"column":20},"end":{"line":72,"column":null}},"line":71},"4":{"name":"(anonymous_4)","decl":{"start":{"line":74,"column":8},"end":{"line":74,"column":18}},"loc":{"start":{"line":74,"column":18},"end":{"line":75,"column":null}},"line":74},"5":{"name":"(anonymous_5)","decl":{"start":{"line":77,"column":8},"end":{"line":77,"column":20}},"loc":{"start":{"line":77,"column":20},"end":{"line":78,"column":null}},"line":77},"6":{"name":"(anonymous_6)","decl":{"start":{"line":83,"column":8},"end":{"line":83,"column":24}},"loc":{"start":{"line":83,"column":24},"end":{"line":83,"column":null}},"line":83},"7":{"name":"(anonymous_7)","decl":{"start":{"line":84,"column":8},"end":{"line":84,"column":19}},"loc":{"start":{"line":84,"column":19},"end":{"line":84,"column":null}},"line":84},"8":{"name":"(anonymous_8)","decl":{"start":{"line":85,"column":8},"end":{"line":85,"column":22}},"loc":{"start":{"line":85,"column":22},"end":{"line":85,"column":null}},"line":85},"9":{"name":"(anonymous_9)","decl":{"start":{"line":90,"column":8},"end":{"line":90,"column":20}},"loc":{"start":{"line":90,"column":20},"end":{"line":90,"column":null}},"line":90},"10":{"name":"(anonymous_10)","decl":{"start":{"line":91,"column":8},"end":{"line":91,"column":19}},"loc":{"start":{"line":91,"column":46},"end":{"line":93,"column":null}},"line":91},"11":{"name":"(anonymous_11)","decl":{"start":{"line":101,"column":8},"end":{"line":101,"column":20}},"loc":{"start":{"line":101,"column":20},"end":{"line":101,"column":null}},"line":101},"12":{"name":"(anonymous_12)","decl":{"start":{"line":102,"column":8},"end":{"line":102,"column":20}},"loc":{"start":{"line":102,"column":20},"end":{"line":102,"column":null}},"line":102},"13":{"name":"(anonymous_13)","decl":{"start":{"line":103,"column":8},"end":{"line":103,"column":20}},"loc":{"start":{"line":103,"column":72},"end":{"line":115,"column":null}},"line":103},"14":{"name":"(anonymous_14)","decl":{"start":{"line":117,"column":8},"end":{"line":117,"column":21}},"loc":{"start":{"line":117,"column":21},"end":{"line":117,"column":null}},"line":117},"15":{"name":"decimaltype","decl":{"start":{"line":122,"column":9},"end":{"line":122,"column":21}},"loc":{"start":{"line":122,"column":35},"end":{"line":128,"column":null}},"line":122},"16":{"name":"(anonymous_16)","decl":{"start":{"line":123,"column":4},"end":{"line":123,"column":12}},"loc":{"start":{"line":123,"column":62},"end":{"line":128,"column":null}},"line":123},"17":{"name":"floattype","decl":{"start":{"line":132,"column":9},"end":{"line":132,"column":19}},"loc":{"start":{"line":132,"column":33},"end":{"line":135,"column":null}},"line":132},"18":{"name":"(anonymous_18)","decl":{"start":{"line":133,"column":4},"end":{"line":133,"column":12}},"loc":{"start":{"line":133,"column":38},"end":{"line":135,"column":null}},"line":133},"19":{"name":"lentype","decl":{"start":{"line":139,"column":9},"end":{"line":139,"column":17}},"loc":{"start":{"line":139,"column":31},"end":{"line":142,"column":null}},"line":139},"20":{"name":"(anonymous_20)","decl":{"start":{"line":140,"column":4},"end":{"line":140,"column":12}},"loc":{"start":{"line":140,"column":43},"end":{"line":142,"column":null}},"line":140},"21":{"name":"charstype","decl":{"start":{"line":146,"column":9},"end":{"line":146,"column":19}},"loc":{"start":{"line":146,"column":33},"end":{"line":161,"column":null}},"line":146},"22":{"name":"(anonymous_22)","decl":{"start":{"line":147,"column":4},"end":{"line":147,"column":12}},"loc":{"start":{"line":147,"column":89},"end":{"line":161,"column":null}},"line":147}},"branchMap":{"0":{"loc":{"start":{"line":92,"column":12},"end":{"line":92,"column":null}},"type":"if","locations":[{"start":{"line":92,"column":12},"end":{"line":92,"column":null}},{"start":{},"end":{}}],"line":92},"1":{"loc":{"start":{"line":92,"column":16},"end":{"line":92,"column":34}},"type":"binary-expr","locations":[{"start":{"line":92,"column":16},"end":{"line":92,"column":25}},{"start":{"line":92,"column":25},"end":{"line":92,"column":34}}],"line":92},"2":{"loc":{"start":{"line":105,"column":12},"end":{"line":106,"column":null}},"type":"if","locations":[{"start":{"line":105,"column":12},"end":{"line":106,"column":null}},{"start":{},"end":{}}],"line":105},"3":{"loc":{"start":{"line":108,"column":12},"end":{"line":112,"column":null}},"type":"if","locations":[{"start":{"line":108,"column":12},"end":{"line":112,"column":null}},{"start":{},"end":{}}],"line":108},"4":{"loc":{"start":{"line":109,"column":16},"end":{"line":112,"column":null}},"type":"if","locations":[{"start":{"line":109,"column":16},"end":{"line":112,"column":null}},{"start":{"line":111,"column":23},"end":{"line":112,"column":null}}],"line":109},"5":{"loc":{"start":{"line":124,"column":8},"end":{"line":124,"column":null}},"type":"if","locations":[{"start":{"line":124,"column":8},"end":{"line":124,"column":null}},{"start":{},"end":{}}],"line":124},"6":{"loc":{"start":{"line":124,"column":12},"end":{"line":124,"column":38}},"type":"binary-expr","locations":[{"start":{"line":124,"column":12},"end":{"line":124,"column":21}},{"start":{"line":124,"column":21},"end":{"line":124,"column":38}}],"line":124},"7":{"loc":{"start":{"line":125,"column":8},"end":{"line":126,"column":null}},"type":"if","locations":[{"start":{"line":125,"column":8},"end":{"line":126,"column":null}},{"start":{},"end":{}}],"line":125},"8":{"loc":{"start":{"line":134,"column":8},"end":{"line":134,"column":null}},"type":"if","locations":[{"start":{"line":134,"column":8},"end":{"line":134,"column":null}},{"start":{},"end":{}}],"line":134},"9":{"loc":{"start":{"line":134,"column":12},"end":{"line":134,"column":30}},"type":"binary-expr","locations":[{"start":{"line":134,"column":12},"end":{"line":134,"column":21}},{"start":{"line":134,"column":21},"end":{"line":134,"column":30}}],"line":134},"10":{"loc":{"start":{"line":141,"column":8},"end":{"line":141,"column":null}},"type":"if","locations":[{"start":{"line":141,"column":8},"end":{"line":141,"column":null}},{"start":{},"end":{}}],"line":141},"11":{"loc":{"start":{"line":141,"column":12},"end":{"line":141,"column":35}},"type":"binary-expr","locations":[{"start":{"line":141,"column":12},"end":{"line":141,"column":21}},{"start":{"line":141,"column":21},"end":{"line":141,"column":35}}],"line":141},"12":{"loc":{"start":{"line":149,"column":8},"end":{"line":157,"column":null}},"type":"if","locations":[{"start":{"line":149,"column":8},"end":{"line":157,"column":null}},{"start":{},"end":{}}],"line":149},"13":{"loc":{"start":{"line":150,"column":12},"end":{"line":157,"column":null}},"type":"switch","locations":[{"start":{"line":151,"column":16},"end":{"line":153,"column":null}},{"start":{"line":155,"column":16},"end":{"line":157,"column":null}}],"line":150}},"s":{"0":1,"1":1,"2":0,"3":0,"4":0,"5":0,"6":0,"7":0,"8":0,"9":0,"10":0,"11":0,"12":0,"13":0,"14":0,"15":0,"16":0,"17":0,"18":0,"19":0,"20":0,"21":0,"22":0,"23":0,"24":0,"25":0,"26":2,"27":0,"28":0,"29":0,"30":0,"31":0,"32":2,"33":0,"34":0,"35":0,"36":3,"37":0,"38":0,"39":0,"40":3,"41":0,"42":0,"43":0,"44":0,"45":0,"46":0,"47":0,"48":0},"f":{"0":1,"1":1,"2":1,"3":0,"4":0,"5":0,"6":0,"7":0,"8":0,"9":0,"10":0,"11":0,"12":0,"13":0,"14":0,"15":2,"16":0,"17":2,"18":0,"19":3,"20":0,"21":3,"22":0},"b":{"0":[0,0],"1":[0,0],"2":[0,0],"3":[0,0],"4":[0,0],"5":[0,0],"6":[0,0],"7":[0,0],"8":[0,0],"9":[0,0],"10":[0,0],"11":[0,0],"12":[0,0],"13":[0,0]},"meta":{"lastBranch":14,"lastFunction":23,"lastStatement":49,"seen":{"s:70:31:80:Infinity":0,"s:82:28:118:Infinity":1,"f:6:11:6:21":0,"s:39:8:39:Infinity":2,"f:43:11:43:Infinity":1,"s:54:8:54:Infinity":3,"f:57:11:57:21":2,"s:67:8:67:Infinity":4,"f:71:8:71:20":3,"s:72:12:72:Infinity":5,"f:74:8:74:18":4,"s:75:12:75:Infinity":6,"f:77:8:77:20":5,"s:78:12:78:Infinity":7,"f:83:8:83:24":6,"s:83:24:83:Infinity":8,"f:84:8:84:19":7,"s:84:19:84:Infinity":9,"f:85:8:85:22":8,"s:85:22:85:Infinity":10,"f:90:8:90:20":9,"s:90:20:90:Infinity":11,"f:91:8:91:19":10,"b:92:12:92:Infinity:undefined:undefined:undefined:undefined":0,"s:92:12:92:Infinity":12,"b:92:16:92:25:92:25:92:34":1,"s:92:34:92:Infinity":13,"s:93:12:93:Infinity":14,"f:101:8:101:20":11,"s:101:20:101:Infinity":15,"f:102:8:102:20":12,"s:102:20:102:Infinity":16,"f:103:8:103:20":13,"s:104:22:104:Infinity":17,"b:105:12:106:Infinity:undefined:undefined:undefined:undefined":2,"s:105:12:106:Infinity":18,"s:106:16:106:Infinity":19,"b:108:12:112:Infinity:undefined:undefined:undefined:undefined":3,"s:108:12:112:Infinity":20,"b:109:16:112:Infinity:111:23:112:Infinity":4,"s:109:16:112:Infinity":21,"s:110:20:110:Infinity":22,"s:112:20:112:Infinity":23,"s:115:12:115:Infinity":24,"f:117:8:117:21":14,"s:117:21:117:Infinity":25,"f:122:9:122:21":15,"s:123:4:128:Infinity":26,"f:123:4:123:12":16,"b:124:8:124:Infinity:undefined:undefined:undefined:undefined":5,"s:124:8:124:Infinity":27,"b:124:12:124:21:124:21:124:38":6,"s:124:38:124:Infinity":28,"b:125:8:126:Infinity:undefined:undefined:undefined:undefined":7,"s:125:8:126:Infinity":29,"s:126:12:126:Infinity":30,"s:128:8:128:Infinity":31,"f:132:9:132:19":17,"s:133:4:135:Infinity":32,"f:133:4:133:12":18,"b:134:8:134:Infinity:undefined:undefined:undefined:undefined":8,"s:134:8:134:Infinity":33,"b:134:12:134:21:134:21:134:30":9,"s:134:30:134:Infinity":34,"s:135:8:135:Infinity":35,"f:139:9:139:17":19,"s:140:4:142:Infinity":36,"f:140:4:140:12":20,"b:141:8:141:Infinity:undefined:undefined:undefined:undefined":10,"s:141:8:141:Infinity":37,"b:141:12:141:21:141:21:141:35":11,"s:141:35:141:Infinity":38,"s:142:8:142:Infinity":39,"f:146:9:146:19":21,"s:147:4:161:Infinity":40,"f:147:4:147:12":22,"s:148:18:148:64":41,"b:149:8:157:Infinity:undefined:undefined:undefined:undefined":12,"s:149:8:157:Infinity":42,"b:151:16:153:Infinity:155:16:157:Infinity":13,"s:150:12:157:Infinity":43,"s:152:20:152:Infinity":44,"s:153:20:153:Infinity":45,"s:156:20:156:Infinity":46,"s:157:20:157:Infinity":47,"s:161:8:161:Infinity":48}}}
,"Z:\\codes\\aghsorm\\src\\ddl.mssql.ts": {"path":"Z:\\codes\\aghsorm\\src\\ddl.mssql.ts","statementMap":{"0":{"start":{"line":46,"column":31},"end":{"line":56,"column":null}},"1":{"start":{"line":58,"column":28},"end":{"line":89,"column":null}},"2":{"start":{"line":10,"column":8},"end":{"line":10,"column":null}},"3":{"start":{"line":33,"column":8},"end":{"line":33,"column":null}},"4":{"start":{"line":43,"column":8},"end":{"line":43,"column":null}},"5":{"start":{"line":48,"column":12},"end":{"line":48,"column":null}},"6":{"start":{"line":51,"column":12},"end":{"line":51,"column":null}},"7":{"start":{"line":54,"column":12},"end":{"line":54,"column":null}},"8":{"start":{"line":59,"column":23},"end":{"line":59,"column":null}},"9":{"start":{"line":60,"column":24},"end":{"line":60,"column":null}},"10":{"start":{"line":61,"column":19},"end":{"line":61,"column":null}},"11":{"start":{"line":62,"column":22},"end":{"line":62,"column":null}},"12":{"start":{"line":63,"column":19},"end":{"line":63,"column":null}},"13":{"start":{"line":65,"column":12},"end":{"line":65,"column":null}},"14":{"start":{"line":65,"column":42},"end":{"line":65,"column":null}},"15":{"start":{"line":66,"column":12},"end":{"line":66,"column":null}},"16":{"start":{"line":66,"column":36},"end":{"line":66,"column":null}},"17":{"start":{"line":67,"column":12},"end":{"line":67,"column":null}},"18":{"start":{"line":69,"column":21},"end":{"line":69,"column":null}},"19":{"start":{"line":70,"column":26},"end":{"line":70,"column":null}},"20":{"start":{"line":73,"column":20},"end":{"line":73,"column":null}},"21":{"start":{"line":75,"column":24},"end":{"line":75,"column":null}},"22":{"start":{"line":78,"column":29},"end":{"line":78,"column":null}},"23":{"start":{"line":81,"column":20},"end":{"line":81,"column":null}},"24":{"start":{"line":82,"column":21},"end":{"line":82,"column":null}},"25":{"start":{"line":85,"column":20},"end":{"line":85,"column":null}},"26":{"start":{"line":88,"column":21},"end":{"line":88,"column":null}},"27":{"start":{"line":94,"column":4},"end":{"line":96,"column":null}},"28":{"start":{"line":95,"column":8},"end":{"line":95,"column":null}},"29":{"start":{"line":95,"column":30},"end":{"line":95,"column":null}},"30":{"start":{"line":96,"column":8},"end":{"line":96,"column":null}},"31":{"start":{"line":101,"column":4},"end":{"line":103,"column":null}},"32":{"start":{"line":102,"column":8},"end":{"line":102,"column":null}},"33":{"start":{"line":102,"column":38},"end":{"line":102,"column":null}},"34":{"start":{"line":103,"column":8},"end":{"line":103,"column":null}},"35":{"start":{"line":108,"column":4},"end":{"line":110,"column":null}},"36":{"start":{"line":109,"column":8},"end":{"line":109,"column":null}},"37":{"start":{"line":109,"column":35},"end":{"line":109,"column":null}},"38":{"start":{"line":110,"column":8},"end":{"line":110,"column":null}}},"fnMap":{"0":{"name":"(anonymous_0)","decl":{"start":{"line":6,"column":11},"end":{"line":6,"column":21}},"loc":{"start":{"line":9,"column":28},"end":{"line":10,"column":null}},"line":9},"1":{"name":"(anonymous_1)","decl":{"start":{"line":13,"column":11},"end":{"line":13,"column":null}},"loc":{"start":{"line":32,"column":27},"end":{"line":33,"column":null}},"line":32},"2":{"name":"(anonymous_2)","decl":{"start":{"line":36,"column":11},"end":{"line":36,"column":21}},"loc":{"start":{"line":42,"column":28},"end":{"line":43,"column":null}},"line":42},"3":{"name":"(anonymous_3)","decl":{"start":{"line":47,"column":8},"end":{"line":47,"column":20}},"loc":{"start":{"line":47,"column":20},"end":{"line":48,"column":null}},"line":47},"4":{"name":"(anonymous_4)","decl":{"start":{"line":50,"column":8},"end":{"line":50,"column":18}},"loc":{"start":{"line":50,"column":18},"end":{"line":51,"column":null}},"line":50},"5":{"name":"(anonymous_5)","decl":{"start":{"line":53,"column":8},"end":{"line":53,"column":20}},"loc":{"start":{"line":53,"column":20},"end":{"line":54,"column":null}},"line":53},"6":{"name":"(anonymous_6)","decl":{"start":{"line":59,"column":8},"end":{"line":59,"column":23}},"loc":{"start":{"line":59,"column":23},"end":{"line":59,"column":null}},"line":59},"7":{"name":"(anonymous_7)","decl":{"start":{"line":60,"column":8},"end":{"line":60,"column":24}},"loc":{"start":{"line":60,"column":24},"end":{"line":60,"column":null}},"line":60},"8":{"name":"(anonymous_8)","decl":{"start":{"line":61,"column":8},"end":{"line":61,"column":19}},"loc":{"start":{"line":61,"column":19},"end":{"line":61,"column":null}},"line":61},"9":{"name":"(anonymous_9)","decl":{"start":{"line":62,"column":8},"end":{"line":62,"column":22}},"loc":{"start":{"line":62,"column":22},"end":{"line":62,"column":null}},"line":62},"10":{"name":"(anonymous_10)","decl":{"start":{"line":63,"column":8},"end":{"line":63,"column":19}},"loc":{"start":{"line":63,"column":19},"end":{"line":63,"column":null}},"line":63},"11":{"name":"(anonymous_11)","decl":{"start":{"line":64,"column":8},"end":{"line":64,"column":18}},"loc":{"start":{"line":64,"column":68},"end":{"line":67,"column":null}},"line":64},"12":{"name":"(anonymous_12)","decl":{"start":{"line":69,"column":8},"end":{"line":69,"column":21}},"loc":{"start":{"line":69,"column":21},"end":{"line":69,"column":null}},"line":69},"13":{"name":"(anonymous_13)","decl":{"start":{"line":70,"column":8},"end":{"line":70,"column":26}},"loc":{"start":{"line":70,"column":26},"end":{"line":70,"column":null}},"line":70},"14":{"name":"(anonymous_14)","decl":{"start":{"line":73,"column":8},"end":{"line":73,"column":20}},"loc":{"start":{"line":73,"column":20},"end":{"line":73,"column":null}},"line":73},"15":{"name":"(anonymous_15)","decl":{"start":{"line":75,"column":8},"end":{"line":75,"column":24}},"loc":{"start":{"line":75,"column":24},"end":{"line":75,"column":null}},"line":75},"16":{"name":"(anonymous_16)","decl":{"start":{"line":78,"column":8},"end":{"line":78,"column":29}},"loc":{"start":{"line":78,"column":29},"end":{"line":78,"column":null}},"line":78},"17":{"name":"(anonymous_17)","decl":{"start":{"line":81,"column":8},"end":{"line":81,"column":20}},"loc":{"start":{"line":81,"column":20},"end":{"line":81,"column":null}},"line":81},"18":{"name":"(anonymous_18)","decl":{"start":{"line":82,"column":8},"end":{"line":82,"column":21}},"loc":{"start":{"line":82,"column":21},"end":{"line":82,"column":null}},"line":82},"19":{"name":"(anonymous_19)","decl":{"start":{"line":85,"column":8},"end":{"line":85,"column":20}},"loc":{"start":{"line":85,"column":20},"end":{"line":85,"column":null}},"line":85},"20":{"name":"(anonymous_20)","decl":{"start":{"line":88,"column":8},"end":{"line":88,"column":21}},"loc":{"start":{"line":88,"column":21},"end":{"line":88,"column":null}},"line":88},"21":{"name":"float","decl":{"start":{"line":93,"column":9},"end":{"line":93,"column":15}},"loc":{"start":{"line":93,"column":29},"end":{"line":96,"column":null}},"line":93},"22":{"name":"(anonymous_22)","decl":{"start":{"line":94,"column":4},"end":{"line":94,"column":12}},"loc":{"start":{"line":94,"column":38},"end":{"line":96,"column":null}},"line":94},"23":{"name":"time","decl":{"start":{"line":100,"column":9},"end":{"line":100,"column":14}},"loc":{"start":{"line":100,"column":28},"end":{"line":103,"column":null}},"line":100},"24":{"name":"(anonymous_24)","decl":{"start":{"line":101,"column":4},"end":{"line":101,"column":12}},"loc":{"start":{"line":101,"column":46},"end":{"line":103,"column":null}},"line":101},"25":{"name":"lentype","decl":{"start":{"line":107,"column":9},"end":{"line":107,"column":17}},"loc":{"start":{"line":107,"column":31},"end":{"line":110,"column":null}},"line":107},"26":{"name":"(anonymous_26)","decl":{"start":{"line":108,"column":4},"end":{"line":108,"column":12}},"loc":{"start":{"line":108,"column":43},"end":{"line":110,"column":null}},"line":108}},"branchMap":{"0":{"loc":{"start":{"line":65,"column":12},"end":{"line":65,"column":null}},"type":"if","locations":[{"start":{"line":65,"column":12},"end":{"line":65,"column":null}},{"start":{},"end":{}}],"line":65},"1":{"loc":{"start":{"line":65,"column":16},"end":{"line":65,"column":42}},"type":"binary-expr","locations":[{"start":{"line":65,"column":16},"end":{"line":65,"column":25}},{"start":{"line":65,"column":25},"end":{"line":65,"column":42}}],"line":65},"2":{"loc":{"start":{"line":66,"column":12},"end":{"line":66,"column":null}},"type":"if","locations":[{"start":{"line":66,"column":12},"end":{"line":66,"column":null}},{"start":{},"end":{}}],"line":66},"3":{"loc":{"start":{"line":95,"column":8},"end":{"line":95,"column":null}},"type":"if","locations":[{"start":{"line":95,"column":8},"end":{"line":95,"column":null}},{"start":{},"end":{}}],"line":95},"4":{"loc":{"start":{"line":95,"column":12},"end":{"line":95,"column":30}},"type":"binary-expr","locations":[{"start":{"line":95,"column":12},"end":{"line":95,"column":21}},{"start":{"line":95,"column":21},"end":{"line":95,"column":30}}],"line":95},"5":{"loc":{"start":{"line":102,"column":8},"end":{"line":102,"column":null}},"type":"if","locations":[{"start":{"line":102,"column":8},"end":{"line":102,"column":null}},{"start":{},"end":{}}],"line":102},"6":{"loc":{"start":{"line":102,"column":12},"end":{"line":102,"column":38}},"type":"binary-expr","locations":[{"start":{"line":102,"column":12},"end":{"line":102,"column":21}},{"start":{"line":102,"column":21},"end":{"line":102,"column":38}}],"line":102},"7":{"loc":{"start":{"line":109,"column":8},"end":{"line":109,"column":null}},"type":"if","locations":[{"start":{"line":109,"column":8},"end":{"line":109,"column":null}},{"start":{},"end":{}}],"line":109},"8":{"loc":{"start":{"line":109,"column":12},"end":{"line":109,"column":35}},"type":"binary-expr","locations":[{"start":{"line":109,"column":12},"end":{"line":109,"column":21}},{"start":{"line":109,"column":21},"end":{"line":109,"column":35}}],"line":109}},"s":{"0":1,"1":1,"2":0,"3":0,"4":0,"5":0,"6":0,"7":0,"8":0,"9":0,"10":0,"11":0,"12":0,"13":0,"14":0,"15":0,"16":0,"17":0,"18":0,"19":0,"20":0,"21":0,"22":0,"23":0,"24":0,"25":0,"26":0,"27":2,"28":0,"29":0,"30":0,"31":3,"32":0,"33":0,"34":0,"35":6,"36":0,"37":0,"38":0},"f":{"0":1,"1":1,"2":1,"3":0,"4":0,"5":0,"6":0,"7":0,"8":0,"9":0,"10":0,"11":0,"12":0,"13":0,"14":0,"15":0,"16":0,"17":0,"18":0,"19":0,"20":0,"21":2,"22":0,"23":3,"24":0,"25":6,"26":0},"b":{"0":[0,0],"1":[0,0],"2":[0,0],"3":[0,0],"4":[0,0],"5":[0,0],"6":[0,0],"7":[0,0],"8":[0,0]},"meta":{"lastBranch":9,"lastFunction":27,"lastStatement":39,"seen":{"s:46:31:56:Infinity":0,"s:58:28:89:Infinity":1,"f:6:11:6:21":0,"s:10:8:10:Infinity":2,"f:13:11:13:Infinity":1,"s:33:8:33:Infinity":3,"f:36:11:36:21":2,"s:43:8:43:Infinity":4,"f:47:8:47:20":3,"s:48:12:48:Infinity":5,"f:50:8:50:18":4,"s:51:12:51:Infinity":6,"f:53:8:53:20":5,"s:54:12:54:Infinity":7,"f:59:8:59:23":6,"s:59:23:59:Infinity":8,"f:60:8:60:24":7,"s:60:24:60:Infinity":9,"f:61:8:61:19":8,"s:61:19:61:Infinity":10,"f:62:8:62:22":9,"s:62:22:62:Infinity":11,"f:63:8:63:19":10,"s:63:19:63:Infinity":12,"f:64:8:64:18":11,"b:65:12:65:Infinity:undefined:undefined:undefined:undefined":0,"s:65:12:65:Infinity":13,"b:65:16:65:25:65:25:65:42":1,"s:65:42:65:Infinity":14,"b:66:12:66:Infinity:undefined:undefined:undefined:undefined":2,"s:66:12:66:Infinity":15,"s:66:36:66:Infinity":16,"s:67:12:67:Infinity":17,"f:69:8:69:21":12,"s:69:21:69:Infinity":18,"f:70:8:70:26":13,"s:70:26:70:Infinity":19,"f:73:8:73:20":14,"s:73:20:73:Infinity":20,"f:75:8:75:24":15,"s:75:24:75:Infinity":21,"f:78:8:78:29":16,"s:78:29:78:Infinity":22,"f:81:8:81:20":17,"s:81:20:81:Infinity":23,"f:82:8:82:21":18,"s:82:21:82:Infinity":24,"f:85:8:85:20":19,"s:85:20:85:Infinity":25,"f:88:8:88:21":20,"s:88:21:88:Infinity":26,"f:93:9:93:15":21,"s:94:4:96:Infinity":27,"f:94:4:94:12":22,"b:95:8:95:Infinity:undefined:undefined:undefined:undefined":3,"s:95:8:95:Infinity":28,"b:95:12:95:21:95:21:95:30":4,"s:95:30:95:Infinity":29,"s:96:8:96:Infinity":30,"f:100:9:100:14":23,"s:101:4:103:Infinity":31,"f:101:4:101:12":24,"b:102:8:102:Infinity:undefined:undefined:undefined:undefined":5,"s:102:8:102:Infinity":32,"b:102:12:102:21:102:21:102:38":6,"s:102:38:102:Infinity":33,"s:103:8:103:Infinity":34,"f:107:9:107:17":25,"s:108:4:110:Infinity":35,"f:108:4:108:12":26,"b:109:8:109:Infinity:undefined:undefined:undefined:undefined":7,"s:109:8:109:Infinity":36,"b:109:12:109:21:109:21:109:35":8,"s:109:35:109:Infinity":37,"s:110:8:110:Infinity":38}}}
,"Z:\\codes\\aghsorm\\src\\ddl.mysql.ts": {"path":"Z:\\codes\\aghsorm\\src\\ddl.mysql.ts","statementMap":{"0":{"start":{"line":84,"column":28},"end":{"line":128,"column":null}},"1":{"start":{"line":130,"column":31},"end":{"line":140,"column":null}},"2":{"start":{"line":47,"column":8},"end":{"line":47,"column":null}},"3":{"start":{"line":66,"column":8},"end":{"line":66,"column":null}},"4":{"start":{"line":81,"column":8},"end":{"line":81,"column":null}},"5":{"start":{"line":86,"column":12},"end":{"line":86,"column":null}},"6":{"start":{"line":86,"column":23},"end":{"line":86,"column":null}},"7":{"start":{"line":87,"column":12},"end":{"line":87,"column":null}},"8":{"start":{"line":90,"column":20},"end":{"line":90,"column":null}},"9":{"start":{"line":98,"column":20},"end":{"line":98,"column":null}},"10":{"start":{"line":99,"column":20},"end":{"line":99,"column":null}},"11":{"start":{"line":100,"column":24},"end":{"line":100,"column":null}},"12":{"start":{"line":101,"column":25},"end":{"line":101,"column":null}},"13":{"start":{"line":102,"column":20},"end":{"line":102,"column":null}},"14":{"start":{"line":107,"column":24},"end":{"line":107,"column":null}},"15":{"start":{"line":109,"column":12},"end":{"line":109,"column":null}},"16":{"start":{"line":113,"column":26},"end":{"line":113,"column":null}},"17":{"start":{"line":115,"column":12},"end":{"line":115,"column":null}},"18":{"start":{"line":117,"column":24},"end":{"line":117,"column":null}},"19":{"start":{"line":119,"column":12},"end":{"line":119,"column":null}},"20":{"start":{"line":122,"column":12},"end":{"line":122,"column":null}},"21":{"start":{"line":122,"column":53},"end":{"line":122,"column":82}},"22":{"start":{"line":125,"column":12},"end":{"line":125,"column":null}},"23":{"start":{"line":125,"column":52},"end":{"line":125,"column":81}},"24":{"start":{"line":127,"column":20},"end":{"line":127,"column":null}},"25":{"start":{"line":132,"column":12},"end":{"line":132,"column":null}},"26":{"start":{"line":135,"column":12},"end":{"line":135,"column":null}},"27":{"start":{"line":138,"column":12},"end":{"line":138,"column":null}},"28":{"start":{"line":144,"column":4},"end":{"line":145,"column":null}},"29":{"start":{"line":145,"column":8},"end":{"line":145,"column":null}},"30":{"start":{"line":150,"column":4},"end":{"line":152,"column":null}},"31":{"start":{"line":151,"column":20},"end":{"line":151,"column":72}},"32":{"start":{"line":152,"column":8},"end":{"line":152,"column":null}},"33":{"start":{"line":157,"column":4},"end":{"line":159,"column":null}},"34":{"start":{"line":158,"column":8},"end":{"line":158,"column":null}},"35":{"start":{"line":158,"column":35},"end":{"line":158,"column":null}},"36":{"start":{"line":159,"column":8},"end":{"line":159,"column":null}},"37":{"start":{"line":165,"column":4},"end":{"line":167,"column":null}},"38":{"start":{"line":166,"column":20},"end":{"line":166,"column":39}},"39":{"start":{"line":167,"column":8},"end":{"line":167,"column":null}},"40":{"start":{"line":172,"column":4},"end":{"line":175,"column":null}},"41":{"start":{"line":173,"column":8},"end":{"line":173,"column":null}},"42":{"start":{"line":173,"column":38},"end":{"line":173,"column":null}},"43":{"start":{"line":174,"column":8},"end":{"line":174,"column":null}},"44":{"start":{"line":174,"column":33},"end":{"line":174,"column":null}},"45":{"start":{"line":175,"column":8},"end":{"line":175,"column":null}}},"fnMap":{"0":{"name":"(anonymous_0)","decl":{"start":{"line":7,"column":11},"end":{"line":7,"column":21}},"loc":{"start":{"line":46,"column":28},"end":{"line":47,"column":null}},"line":46},"1":{"name":"(anonymous_1)","decl":{"start":{"line":50,"column":11},"end":{"line":50,"column":null}},"loc":{"start":{"line":65,"column":27},"end":{"line":66,"column":null}},"line":65},"2":{"name":"(anonymous_2)","decl":{"start":{"line":69,"column":11},"end":{"line":69,"column":21}},"loc":{"start":{"line":80,"column":28},"end":{"line":81,"column":null}},"line":80},"3":{"name":"(anonymous_3)","decl":{"start":{"line":85,"column":8},"end":{"line":85,"column":14}},"loc":{"start":{"line":85,"column":32},"end":{"line":87,"column":null}},"line":85},"4":{"name":"(anonymous_4)","decl":{"start":{"line":90,"column":8},"end":{"line":90,"column":20}},"loc":{"start":{"line":90,"column":20},"end":{"line":90,"column":null}},"line":90},"5":{"name":"(anonymous_5)","decl":{"start":{"line":98,"column":8},"end":{"line":98,"column":20}},"loc":{"start":{"line":98,"column":20},"end":{"line":98,"column":null}},"line":98},"6":{"name":"(anonymous_6)","decl":{"start":{"line":99,"column":8},"end":{"line":99,"column":20}},"loc":{"start":{"line":99,"column":20},"end":{"line":99,"column":null}},"line":99},"7":{"name":"(anonymous_7)","decl":{"start":{"line":100,"column":8},"end":{"line":100,"column":24}},"loc":{"start":{"line":100,"column":24},"end":{"line":100,"column":null}},"line":100},"8":{"name":"(anonymous_8)","decl":{"start":{"line":101,"column":8},"end":{"line":101,"column":25}},"loc":{"start":{"line":101,"column":25},"end":{"line":101,"column":null}},"line":101},"9":{"name":"(anonymous_9)","decl":{"start":{"line":102,"column":8},"end":{"line":102,"column":20}},"loc":{"start":{"line":102,"column":20},"end":{"line":102,"column":null}},"line":102},"10":{"name":"(anonymous_10)","decl":{"start":{"line":107,"column":8},"end":{"line":107,"column":24}},"loc":{"start":{"line":107,"column":24},"end":{"line":107,"column":null}},"line":107},"11":{"name":"(anonymous_11)","decl":{"start":{"line":108,"column":8},"end":{"line":108,"column":19}},"loc":{"start":{"line":108,"column":69},"end":{"line":109,"column":null}},"line":108},"12":{"name":"(anonymous_12)","decl":{"start":{"line":113,"column":8},"end":{"line":113,"column":26}},"loc":{"start":{"line":113,"column":26},"end":{"line":113,"column":null}},"line":113},"13":{"name":"(anonymous_13)","decl":{"start":{"line":114,"column":8},"end":{"line":114,"column":21}},"loc":{"start":{"line":114,"column":71},"end":{"line":115,"column":null}},"line":114},"14":{"name":"(anonymous_14)","decl":{"start":{"line":117,"column":8},"end":{"line":117,"column":24}},"loc":{"start":{"line":117,"column":24},"end":{"line":117,"column":null}},"line":117},"15":{"name":"(anonymous_15)","decl":{"start":{"line":118,"column":8},"end":{"line":118,"column":19}},"loc":{"start":{"line":118,"column":69},"end":{"line":119,"column":null}},"line":118},"16":{"name":"(anonymous_16)","decl":{"start":{"line":121,"column":8},"end":{"line":121,"column":15}},"loc":{"start":{"line":121,"column":82},"end":{"line":122,"column":null}},"line":121},"17":{"name":"(anonymous_17)","decl":{"start":{"line":122,"column":49},"end":{"line":122,"column":53}},"loc":{"start":{"line":122,"column":53},"end":{"line":122,"column":82}},"line":122},"18":{"name":"(anonymous_18)","decl":{"start":{"line":124,"column":8},"end":{"line":124,"column":14}},"loc":{"start":{"line":124,"column":81},"end":{"line":125,"column":null}},"line":124},"19":{"name":"(anonymous_19)","decl":{"start":{"line":125,"column":48},"end":{"line":125,"column":52}},"loc":{"start":{"line":125,"column":52},"end":{"line":125,"column":81}},"line":125},"20":{"name":"(anonymous_20)","decl":{"start":{"line":127,"column":8},"end":{"line":127,"column":20}},"loc":{"start":{"line":127,"column":20},"end":{"line":127,"column":null}},"line":127},"21":{"name":"(anonymous_21)","decl":{"start":{"line":131,"column":8},"end":{"line":131,"column":20}},"loc":{"start":{"line":131,"column":20},"end":{"line":132,"column":null}},"line":131},"22":{"name":"(anonymous_22)","decl":{"start":{"line":134,"column":8},"end":{"line":134,"column":18}},"loc":{"start":{"line":134,"column":18},"end":{"line":135,"column":null}},"line":134},"23":{"name":"(anonymous_23)","decl":{"start":{"line":137,"column":8},"end":{"line":137,"column":20}},"loc":{"start":{"line":137,"column":20},"end":{"line":138,"column":null}},"line":137},"24":{"name":"mysqlint","decl":{"start":{"line":143,"column":9},"end":{"line":143,"column":18}},"loc":{"start":{"line":143,"column":32},"end":{"line":145,"column":null}},"line":143},"25":{"name":"(anonymous_25)","decl":{"start":{"line":144,"column":4},"end":{"line":144,"column":12}},"loc":{"start":{"line":144,"column":46},"end":{"line":145,"column":null}},"line":144},"26":{"name":"mysqlfloat","decl":{"start":{"line":149,"column":9},"end":{"line":149,"column":20}},"loc":{"start":{"line":149,"column":34},"end":{"line":152,"column":null}},"line":149},"27":{"name":"(anonymous_27)","decl":{"start":{"line":150,"column":4},"end":{"line":150,"column":12}},"loc":{"start":{"line":150,"column":66},"end":{"line":152,"column":null}},"line":150},"28":{"name":"lentype","decl":{"start":{"line":156,"column":9},"end":{"line":156,"column":17}},"loc":{"start":{"line":156,"column":31},"end":{"line":159,"column":null}},"line":156},"29":{"name":"(anonymous_29)","decl":{"start":{"line":157,"column":4},"end":{"line":157,"column":12}},"loc":{"start":{"line":157,"column":43},"end":{"line":159,"column":null}},"line":157},"30":{"name":"mysqltext","decl":{"start":{"line":164,"column":9},"end":{"line":164,"column":19}},"loc":{"start":{"line":164,"column":33},"end":{"line":167,"column":null}},"line":164},"31":{"name":"(anonymous_31)","decl":{"start":{"line":165,"column":4},"end":{"line":165,"column":12}},"loc":{"start":{"line":165,"column":79},"end":{"line":167,"column":null}},"line":165},"32":{"name":"decimal","decl":{"start":{"line":171,"column":9},"end":{"line":171,"column":17}},"loc":{"start":{"line":171,"column":31},"end":{"line":175,"column":null}},"line":171},"33":{"name":"(anonymous_33)","decl":{"start":{"line":172,"column":4},"end":{"line":172,"column":12}},"loc":{"start":{"line":172,"column":82},"end":{"line":175,"column":null}},"line":172}},"branchMap":{"0":{"loc":{"start":{"line":86,"column":12},"end":{"line":86,"column":null}},"type":"if","locations":[{"start":{"line":86,"column":12},"end":{"line":86,"column":null}},{"start":{},"end":{}}],"line":86},"1":{"loc":{"start":{"line":145,"column":25},"end":{"line":145,"column":null}},"type":"cond-expr","locations":[{"start":{"line":145,"column":42},"end":{"line":145,"column":56}},{"start":{"line":145,"column":56},"end":{"line":145,"column":null}}],"line":145},"2":{"loc":{"start":{"line":152,"column":24},"end":{"line":152,"column":null}},"type":"cond-expr","locations":[{"start":{"line":152,"column":41},"end":{"line":152,"column":55}},{"start":{"line":152,"column":55},"end":{"line":152,"column":null}}],"line":152},"3":{"loc":{"start":{"line":158,"column":8},"end":{"line":158,"column":null}},"type":"if","locations":[{"start":{"line":158,"column":8},"end":{"line":158,"column":null}},{"start":{},"end":{}}],"line":158},"4":{"loc":{"start":{"line":158,"column":12},"end":{"line":158,"column":35}},"type":"binary-expr","locations":[{"start":{"line":158,"column":12},"end":{"line":158,"column":21}},{"start":{"line":158,"column":21},"end":{"line":158,"column":35}}],"line":158},"5":{"loc":{"start":{"line":167,"column":24},"end":{"line":167,"column":80}},"type":"cond-expr","locations":[{"start":{"line":167,"column":40},"end":{"line":167,"column":75}},{"start":{"line":167,"column":75},"end":{"line":167,"column":80}}],"line":167},"6":{"loc":{"start":{"line":167,"column":80},"end":{"line":167,"column":null}},"type":"cond-expr","locations":[{"start":{"line":167,"column":96},"end":{"line":167,"column":125}},{"start":{"line":167,"column":125},"end":{"line":167,"column":null}}],"line":167},"7":{"loc":{"start":{"line":173,"column":8},"end":{"line":173,"column":null}},"type":"if","locations":[{"start":{"line":173,"column":8},"end":{"line":173,"column":null}},{"start":{},"end":{}}],"line":173},"8":{"loc":{"start":{"line":173,"column":12},"end":{"line":173,"column":38}},"type":"binary-expr","locations":[{"start":{"line":173,"column":12},"end":{"line":173,"column":21}},{"start":{"line":173,"column":21},"end":{"line":173,"column":38}}],"line":173},"9":{"loc":{"start":{"line":174,"column":8},"end":{"line":174,"column":null}},"type":"if","locations":[{"start":{"line":174,"column":8},"end":{"line":174,"column":null}},{"start":{},"end":{}}],"line":174},"10":{"loc":{"start":{"line":175,"column":83},"end":{"line":175,"column":108}},"type":"binary-expr","locations":[{"start":{"line":175,"column":83},"end":{"line":175,"column":101}},{"start":{"line":175,"column":101},"end":{"line":175,"column":108}}],"line":175}},"s":{"0":1,"1":1,"2":0,"3":0,"4":0,"5":0,"6":0,"7":0,"8":0,"9":0,"10":0,"11":0,"12":0,"13":0,"14":0,"15":0,"16":0,"17":0,"18":0,"19":0,"20":0,"21":0,"22":0,"23":0,"24":0,"25":0,"26":0,"27":0,"28":5,"29":0,"30":2,"31":0,"32":0,"33":3,"34":0,"35":0,"36":0,"37":3,"38":0,"39":0,"40":1,"41":0,"42":0,"43":0,"44":0,"45":0},"f":{"0":1,"1":1,"2":1,"3":0,"4":0,"5":0,"6":0,"7":0,"8":0,"9":0,"10":0,"11":0,"12":0,"13":0,"14":0,"15":0,"16":0,"17":0,"18":0,"19":0,"20":0,"21":0,"22":0,"23":0,"24":5,"25":0,"26":2,"27":0,"28":3,"29":0,"30":3,"31":0,"32":1,"33":0},"b":{"0":[0,0],"1":[0,0],"2":[0,0],"3":[0,0],"4":[0,0],"5":[0,0],"6":[0,0],"7":[0,0],"8":[0,0],"9":[0,0],"10":[0,0]},"meta":{"lastBranch":11,"lastFunction":34,"lastStatement":46,"seen":{"s:84:28:128:Infinity":0,"s:130:31:140:Infinity":1,"f:7:11:7:21":0,"s:47:8:47:Infinity":2,"f:50:11:50:Infinity":1,"s:66:8:66:Infinity":3,"f:69:11:69:21":2,"s:81:8:81:Infinity":4,"f:85:8:85:14":3,"b:86:12:86:Infinity:undefined:undefined:undefined:undefined":0,"s:86:12:86:Infinity":5,"s:86:23:86:Infinity":6,"s:87:12:87:Infinity":7,"f:90:8:90:20":4,"s:90:20:90:Infinity":8,"f:98:8:98:20":5,"s:98:20:98:Infinity":9,"f:99:8:99:20":6,"s:99:20:99:Infinity":10,"f:100:8:100:24":7,"s:100:24:100:Infinity":11,"f:101:8:101:25":8,"s:101:25:101:Infinity":12,"f:102:8:102:20":9,"s:102:20:102:Infinity":13,"f:107:8:107:24":10,"s:107:24:107:Infinity":14,"f:108:8:108:19":11,"s:109:12:109:Infinity":15,"f:113:8:113:26":12,"s:113:26:113:Infinity":16,"f:114:8:114:21":13,"s:115:12:115:Infinity":17,"f:117:8:117:24":14,"s:117:24:117:Infinity":18,"f:118:8:118:19":15,"s:119:12:119:Infinity":19,"f:121:8:121:15":16,"s:122:12:122:Infinity":20,"f:122:49:122:53":17,"s:122:53:122:82":21,"f:124:8:124:14":18,"s:125:12:125:Infinity":22,"f:125:48:125:52":19,"s:125:52:125:81":23,"f:127:8:127:20":20,"s:127:20:127:Infinity":24,"f:131:8:131:20":21,"s:132:12:132:Infinity":25,"f:134:8:134:18":22,"s:135:12:135:Infinity":26,"f:137:8:137:20":23,"s:138:12:138:Infinity":27,"f:143:9:143:18":24,"s:144:4:145:Infinity":28,"f:144:4:144:12":25,"s:145:8:145:Infinity":29,"b:145:42:145:56:145:56:145:Infinity":1,"f:149:9:149:20":26,"s:150:4:152:Infinity":30,"f:150:4:150:12":27,"s:151:20:151:72":31,"s:152:8:152:Infinity":32,"b:152:41:152:55:152:55:152:Infinity":2,"f:156:9:156:17":28,"s:157:4:159:Infinity":33,"f:157:4:157:12":29,"b:158:8:158:Infinity:undefined:undefined:undefined:undefined":3,"s:158:8:158:Infinity":34,"b:158:12:158:21:158:21:158:35":4,"s:158:35:158:Infinity":35,"s:159:8:159:Infinity":36,"f:164:9:164:19":30,"s:165:4:167:Infinity":37,"f:165:4:165:12":31,"s:166:20:166:39":38,"s:167:8:167:Infinity":39,"b:167:40:167:75:167:75:167:80":5,"b:167:96:167:125:167:125:167:Infinity":6,"f:171:9:171:17":32,"s:172:4:175:Infinity":40,"f:172:4:172:12":33,"b:173:8:173:Infinity:undefined:undefined:undefined:undefined":7,"s:173:8:173:Infinity":41,"b:173:12:173:21:173:21:173:38":8,"s:173:38:173:Infinity":42,"b:174:8:174:Infinity:undefined:undefined:undefined:undefined":9,"s:174:8:174:Infinity":43,"s:174:33:174:Infinity":44,"s:175:8:175:Infinity":45,"b:175:83:175:101:175:101:175:108":10}}}
,"Z:\\codes\\aghsorm\\src\\ddl.oracle.ts": {"path":"Z:\\codes\\aghsorm\\src\\ddl.oracle.ts","statementMap":{"0":{"start":{"line":63,"column":31},"end":{"line":73,"column":null}},"1":{"start":{"line":75,"column":28},"end":{"line":128,"column":null}},"2":{"start":{"line":35,"column":8},"end":{"line":35,"column":null}},"3":{"start":{"line":52,"column":8},"end":{"line":52,"column":null}},"4":{"start":{"line":60,"column":8},"end":{"line":60,"column":null}},"5":{"start":{"line":65,"column":12},"end":{"line":65,"column":null}},"6":{"start":{"line":68,"column":12},"end":{"line":68,"column":null}},"7":{"start":{"line":71,"column":12},"end":{"line":71,"column":null}},"8":{"start":{"line":81,"column":12},"end":{"line":81,"column":null}},"9":{"start":{"line":81,"column":42},"end":{"line":81,"column":null}},"10":{"start":{"line":82,"column":12},"end":{"line":82,"column":null}},"11":{"start":{"line":82,"column":37},"end":{"line":82,"column":null}},"12":{"start":{"line":83,"column":12},"end":{"line":83,"column":null}},"13":{"start":{"line":86,"column":12},"end":{"line":86,"column":null}},"14":{"start":{"line":86,"column":42},"end":{"line":86,"column":null}},"15":{"start":{"line":87,"column":12},"end":{"line":87,"column":null}},"16":{"start":{"line":89,"column":27},"end":{"line":89,"column":null}},"17":{"start":{"line":90,"column":28},"end":{"line":90,"column":null}},"18":{"start":{"line":91,"column":20},"end":{"line":91,"column":null}},"19":{"start":{"line":93,"column":20},"end":{"line":93,"column":null}},"20":{"start":{"line":99,"column":22},"end":{"line":99,"column":null}},"21":{"start":{"line":100,"column":12},"end":{"line":101,"column":null}},"22":{"start":{"line":101,"column":16},"end":{"line":101,"column":null}},"23":{"start":{"line":103,"column":12},"end":{"line":104,"column":null}},"24":{"start":{"line":104,"column":16},"end":{"line":104,"column":null}},"25":{"start":{"line":106,"column":12},"end":{"line":106,"column":null}},"26":{"start":{"line":108,"column":20},"end":{"line":108,"column":null}},"27":{"start":{"line":109,"column":20},"end":{"line":109,"column":null}},"28":{"start":{"line":110,"column":21},"end":{"line":110,"column":null}},"29":{"start":{"line":111,"column":21},"end":{"line":111,"column":null}},"30":{"start":{"line":114,"column":22},"end":{"line":114,"column":null}},"31":{"start":{"line":115,"column":12},"end":{"line":116,"column":null}},"32":{"start":{"line":116,"column":16},"end":{"line":116,"column":null}},"33":{"start":{"line":118,"column":12},"end":{"line":123,"column":null}},"34":{"start":{"line":119,"column":16},"end":{"line":119,"column":null}},"35":{"start":{"line":121,"column":16},"end":{"line":121,"column":null}},"36":{"start":{"line":122,"column":16},"end":{"line":123,"column":null}},"37":{"start":{"line":123,"column":20},"end":{"line":123,"column":null}},"38":{"start":{"line":126,"column":12},"end":{"line":126,"column":null}},"39":{"start":{"line":132,"column":4},"end":{"line":134,"column":null}},"40":{"start":{"line":133,"column":8},"end":{"line":133,"column":null}},"41":{"start":{"line":133,"column":35},"end":{"line":133,"column":null}},"42":{"start":{"line":134,"column":8},"end":{"line":134,"column":null}},"43":{"start":{"line":139,"column":4},"end":{"line":144,"column":null}},"44":{"start":{"line":140,"column":18},"end":{"line":140,"column":null}},"45":{"start":{"line":141,"column":8},"end":{"line":142,"column":null}},"46":{"start":{"line":142,"column":12},"end":{"line":142,"column":null}},"47":{"start":{"line":144,"column":8},"end":{"line":144,"column":null}}},"fnMap":{"0":{"name":"(anonymous_0)","decl":{"start":{"line":6,"column":11},"end":{"line":6,"column":21}},"loc":{"start":{"line":34,"column":28},"end":{"line":35,"column":null}},"line":34},"1":{"name":"(anonymous_1)","decl":{"start":{"line":38,"column":11},"end":{"line":38,"column":null}},"loc":{"start":{"line":51,"column":27},"end":{"line":52,"column":null}},"line":51},"2":{"name":"(anonymous_2)","decl":{"start":{"line":55,"column":11},"end":{"line":55,"column":21}},"loc":{"start":{"line":59,"column":28},"end":{"line":60,"column":null}},"line":59},"3":{"name":"(anonymous_3)","decl":{"start":{"line":64,"column":8},"end":{"line":64,"column":20}},"loc":{"start":{"line":64,"column":20},"end":{"line":65,"column":null}},"line":64},"4":{"name":"(anonymous_4)","decl":{"start":{"line":67,"column":8},"end":{"line":67,"column":18}},"loc":{"start":{"line":67,"column":18},"end":{"line":68,"column":null}},"line":67},"5":{"name":"(anonymous_5)","decl":{"start":{"line":70,"column":8},"end":{"line":70,"column":20}},"loc":{"start":{"line":70,"column":20},"end":{"line":71,"column":null}},"line":70},"6":{"name":"(anonymous_6)","decl":{"start":{"line":80,"column":8},"end":{"line":80,"column":17}},"loc":{"start":{"line":80,"column":67},"end":{"line":83,"column":null}},"line":80},"7":{"name":"(anonymous_7)","decl":{"start":{"line":85,"column":8},"end":{"line":85,"column":16}},"loc":{"start":{"line":85,"column":51},"end":{"line":87,"column":null}},"line":85},"8":{"name":"(anonymous_8)","decl":{"start":{"line":89,"column":8},"end":{"line":89,"column":27}},"loc":{"start":{"line":89,"column":27},"end":{"line":89,"column":null}},"line":89},"9":{"name":"(anonymous_9)","decl":{"start":{"line":90,"column":8},"end":{"line":90,"column":28}},"loc":{"start":{"line":90,"column":28},"end":{"line":90,"column":null}},"line":90},"10":{"name":"(anonymous_10)","decl":{"start":{"line":91,"column":8},"end":{"line":91,"column":20}},"loc":{"start":{"line":91,"column":20},"end":{"line":91,"column":null}},"line":91},"11":{"name":"(anonymous_11)","decl":{"start":{"line":93,"column":8},"end":{"line":93,"column":20}},"loc":{"start":{"line":93,"column":20},"end":{"line":93,"column":null}},"line":93},"12":{"name":"(anonymous_12)","decl":{"start":{"line":94,"column":8},"end":{"line":94,"column":20}},"loc":{"start":{"line":98,"column":14},"end":{"line":106,"column":null}},"line":98},"
[...]
inity":56,"s:197:12:197:Infinity":57,"b:198:12:199:Infinity:undefined:undefined:undefined:undefined":18,"s:198:12:199:Infinity":58,"s:199:16:199:Infinity":59,"s:203:8:203:Infinity":60,"s:205:8:205:Infinity":61,"s:206:8:210:Infinity":62,"s:207:12:207:Infinity":63,"s:208:12:208:Infinity":64,"b:209:12:210:Infinity:undefined:undefined:undefined:undefined":19,"s:209:12:210:Infinity":65,"s:210:16:210:Infinity":66,"s:213:8:213:Infinity":67,"s:214:8:214:Infinity":68,"f:218:4:218:12":15,"s:223:33:223:Infinity":69,"b:224:8:229:Infinity:226:15:229:Infinity":20,"s:224:8:229:Infinity":70,"s:225:12:225:Infinity":71,"s:227:12:229:Infinity":72,"b:231:8:235:Infinity:undefined:undefined:undefined:undefined":21,"s:231:8:235:Infinity":73,"b:232:12:235:Infinity:234:19:235:Infinity":22,"s:232:12:235:Infinity":74,"s:233:16:233:Infinity":75,"s:235:16:235:Infinity":76,"s:238:8:238:Infinity":77,"s:239:8:239:Infinity":78,"f:243:4:243:12":16,"b:250:8:250:Infinity:undefined:undefined:undefined:undefined":23,"s:250:8:250:Infinity":79,"s:250:19:250:Infinity":80,"s:251:8:251:Infinity":81,"s:252:8:252:Infinity":82,"f:255:4:255:Infinity":17,"s:264:20:264:40":83,"s:265:8:265:Infinity":84,"s:266:8:266:Infinity":85,"s:267:8:267:Infinity":86,"s:268:8:268:Infinity":87,"f:271:4:271:11":18,"s:272:22:272:56":88,"s:273:25:273:Infinity":89,"b:273:25:273:43:273:43:273:Infinity":24,"s:274:8:298:Infinity":90,"f:275:12:275:16":19,"s:276:16:276:Infinity":91,"s:277:29:277:Infinity":92,"s:278:24:278:Infinity":93,"s:279:16:293:Infinity":94,"s:280:20:280:Infinity":95,"s:281:20:281:Infinity":96,"b:283:20:287:Infinity:285:27:287:Infinity":25,"s:283:20:287:Infinity":97,"s:284:24:284:Infinity":98,"s:286:24:286:Infinity":99,"s:287:24:287:Infinity":100,"s:290:20:290:Infinity":101,"s:291:20:291:Infinity":102,"b:292:20:293:Infinity:undefined:undefined:undefined:undefined":26,"s:292:20:293:Infinity":103,"s:293:24:293:Infinity":104,"s:296:16:296:Infinity":105,"f:301:4:301:Infinity":20,"s:309:22:309:56":106,"s:310:20:310:40":107,"s:311:8:311:Infinity":108,"s:312:8:312:Infinity":109,"s:314:21:314:Infinity":110,"s:315:18:315:Infinity":111,"s:316:8:322:Infinity":112,"s:317:12:317:Infinity":113,"s:318:12:318:Infinity":114,"s:319:12:319:Infinity":115,"s:320:12:320:Infinity":116,"b:321:12:322:Infinity:undefined:undefined:undefined:undefined":27,"s:321:12:322:Infinity":117,"s:322:16:322:Infinity":118,"s:325:8:325:Infinity":119,"s:326:8:326:Infinity":120,"s:327:8:327:Infinity":121,"f:331:4:331:12":21,"s:332:8:332:Infinity":122,"s:333:18:333:Infinity":123,"s:334:21:334:Infinity":124,"s:335:8:343:Infinity":125,"s:336:12:336:Infinity":126,"b:337:12:340:Infinity:339:19:340:Infinity":28,"s:337:12:340:Infinity":127,"s:338:16:338:Infinity":128,"s:340:16:340:Infinity":129,"b:342:12:343:Infinity:undefined:undefined:undefined:undefined":29,"s:342:12:343:Infinity":130,"s:343:16:343:Infinity":131,"f:348:4:348:Infinity":22,"s:359:20:359:40":132,"s:360:8:360:Infinity":133,"b:362:8:396:Infinity:395:15:396:Infinity":30,"s:362:8:396:Infinity":134,"b:363:12:363:Infinity:364:14:364:30:364:30:364:Infinity:365:17:365:33:365:33:365:Infinity":31,"s:367:24:367:26":135,"b:368:12:371:Infinity:370:19:371:Infinity":32,"s:368:12:371:Infinity":136,"b:368:16:368:32:368:32:368:57":33,"s:369:16:369:Infinity":137,"s:371:16:371:Infinity":138,"f:371:37:371:42":23,"s:371:48:371:55":139,"b:373:12:377:Infinity:undefined:undefined:undefined:undefined":34,"s:373:12:377:Infinity":140,"b:373:16:373:32:373:32:373:57":35,"s:374:16:377:Infinity":141,"f:374:30:374:38":24,"b:375:20:375:Infinity:undefined:undefined:undefined:undefined":36,"s:375:20:375:Infinity":142,"s:375:41:375:Infinity":143,"s:376:20:376:Infinity":144,"b:379:12:380:Infinity:undefined:undefined:undefined:undefined":37,"s:379:12:380:Infinity":145,"s:380:16:380:Infinity":146,"s:382:22:382:Infinity":147,"s:383:25:383:Infinity":148,"s:384:12:392:Infinity":149,"s:385:16:385:Infinity":150,"b:386:16:389:Infinity:388:23:389:Infinity":38,"s:386:16:389:Infinity":151,"s:387:20:387:Infinity":152,"s:389:20:389:Infinity":153,"b:391:16:392:Infinity:undefined:undefined:undefined:undefined":39,"s:391:16:392:Infinity":154,"s:392:20:392:Infinity":155,"s:396:12:396:Infinity":156,"s:398:8:398:Infinity":157,"s:401:8:401:Infinity":158,"b:404:8:409:Infinity:undefined:undefined:undefined:undefined":40,"s:404:8:409:Infinity":159,"b:404:12:404:29:404:29:404:54":41,"s:405:12:405:Infinity":160,"b:407:12:409:Infinity:undefined:undefined:undefined:undefined":42,"s:407:12:409:Infinity":161,"s:408:16:408:Infinity":162,"s:409:16:409:Infinity":163,"s:414:8:414:Infinity":164,"s:415:8:415:Infinity":165,"f:419:4:419:12":25,"b:420:8:420:Infinity:undefined:undefined:undefined:undefined":43,"s:420:8:420:Infinity":166,"b:420:12:420:21:420:21:420:36":44,"s:420:36:420:Infinity":167,"s:421:8:421:Infinity":168,"s:422:21:422:Infinity":169,"s:423:18:423:Infinity":170,"s:424:8:432:Infinity":171,"b:425:12:428:Infinity:427:19:428:Infinity":45,"s:425:12:428:Infinity":172,"s:426:16:426:Infinity":173,"s:428:16:428:Infinity":174,"s:430:12:430:Infinity":175,"b:431:12:432:Infinity:undefined:undefined:undefined:undefined":46,"s:431:12:432:Infinity":176,"s:432:16:432:Infinity":177,"f:438:4:438:12":26,"b:442:8:442:Infinity:undefined:undefined:undefined:undefined":47,"s:442:8:442:Infinity":178,"s:442:19:442:Infinity":179,"b:443:8:445:Infinity:undefined:undefined:undefined:undefined":48,"s:443:8:445:Infinity":180,"s:444:12:444:Infinity":181,"s:445:12:445:Infinity":182,"b:447:8:449:Infinity:undefined:undefined:undefined:undefined":49,"s:447:8:449:Infinity":183,"s:448:12:448:Infinity":184,"s:449:12:449:Infinity":185,"s:454:0:454:Infinity":186}}}
,"Z:\\codes\\aghsorm\\src\\types.ts": {"path":"Z:\\codes\\aghsorm\\src\\types.ts","statementMap":{"0":{"start":{"line":23,"column":4},"end":{"line":24,"column":null}},"1":{"start":{"line":24,"column":8},"end":{"line":24,"column":null}},"2":{"start":{"line":26,"column":4},"end":{"line":26,"column":null}},"3":{"start":{"line":41,"column":8},"end":{"line":41,"column":null}},"4":{"start":{"line":42,"column":8},"end":{"line":42,"column":null}},"5":{"start":{"line":43,"column":8},"end":{"line":43,"column":null}},"6":{"start":{"line":47,"column":25},"end":{"line":47,"column":null}},"7":{"start":{"line":48,"column":14},"end":{"line":48,"column":28}},"8":{"start":{"line":49,"column":8},"end":{"line":53,"column":null}},"9":{"start":{"line":50,"column":12},"end":{"line":51,"column":null}},"10":{"start":{"line":51,"column":16},"end":{"line":51,"column":null}},"11":{"start":{"line":53,"column":12},"end":{"line":53,"column":null}},"12":{"start":{"line":55,"column":8},"end":{"line":56,"column":null}},"13":{"start":{"line":56,"column":12},"end":{"line":56,"column":null}},"14":{"start":{"line":58,"column":8},"end":{"line":58,"column":null}},"15":{"start":{"line":63,"column":8},"end":{"line":67,"column":null}},"16":{"start":{"line":65,"column":16},"end":{"line":65,"column":null}},"17":{"start":{"line":71,"column":0},"end":{"line":71,"column":null}},"18":{"start":{"line":78,"column":8},"end":{"line":78,"column":null}},"19":{"start":{"line":82,"column":8},"end":{"line":84,"column":null}},"20":{"start":{"line":83,"column":26},"end":{"line":83,"column":50}},"21":{"start":{"line":88,"column":8},"end":{"line":88,"column":null}},"22":{"start":{"line":92,"column":8},"end":{"line":92,"column":null}},"23":{"start":{"line":96,"column":0},"end":{"line":96,"column":null}},"24":{"start":{"line":99,"column":16},"end":{"line":99,"column":34}},"25":{"start":{"line":100,"column":4},"end":{"line":103,"column":null}},"26":{"start":{"line":100,"column":17},"end":{"line":100,"column":20}},"27":{"start":{"line":101,"column":8},"end":{"line":101,"column":null}},"28":{"start":{"line":102,"column":8},"end":{"line":103,"column":null}},"29":{"start":{"line":103,"column":12},"end":{"line":103,"column":null}},"30":{"start":{"line":106,"column":4},"end":{"line":106,"column":null}},"31":{"start":{"line":110,"column":16},"end":{"line":110,"column":34}},"32":{"start":{"line":111,"column":4},"end":{"line":123,"column":null}},"33":{"start":{"line":111,"column":17},"end":{"line":111,"column":20}},"34":{"start":{"line":112,"column":8},"end":{"line":112,"column":null}},"35":{"start":{"line":113,"column":8},"end":{"line":123,"column":null}},"36":{"start":{"line":114,"column":24},"end":{"line":114,"column":null}},"37":{"start":{"line":115,"column":12},"end":{"line":117,"column":null}},"38":{"start":{"line":116,"column":16},"end":{"line":116,"column":null}},"39":{"start":{"line":117,"column":16},"end":{"line":117,"column":null}},"40":{"start":{"line":119,"column":12},"end":{"line":121,"column":null}},"41":{"start":{"line":120,"column":16},"end":{"line":120,"column":null}},"42":{"start":{"line":121,"column":16},"end":{"line":121,"column":null}},"43":{"start":{"line":123,"column":12},"end":{"line":123,"column":null}},"44":{"start":{"line":126,"column":4},"end":{"line":126,"column":null}}},"fnMap":{"0":{"name":"quotetable","decl":{"start":{"line":22,"column":16},"end":{"line":22,"column":27}},"loc":{"start":{"line":22,"column":89},"end":{"line":26,"column":null}},"line":22},"1":{"name":"(anonymous_1)","decl":{"start":{"line":37,"column":4},"end":{"line":37,"column":16}},"loc":{"start":{"line":40,"column":7},"end":{"line":43,"column":null}},"line":40},"2":{"name":"(anonymous_2)","decl":{"start":{"line":46,"column":4},"end":{"line":46,"column":11}},"loc":{"start":{"line":46,"column":42},"end":{"line":58,"column":null}},"line":46},"3":{"name":"(anonymous_3)","decl":{"start":{"line":62,"column":4},"end":{"line":62,"column":13}},"loc":{"start":{"line":62,"column":13},"end":{"line":67,"column":null}},"line":62},"4":{"name":"(anonymous_4)","decl":{"start":{"line":64,"column":12},"end":{"line":64,"column":18}},"loc":{"start":{"line":64,"column":26},"end":{"line":67,"column":10}},"line":64},"5":{"name":"(anonymous_5)","decl":{"start":{"line":77,"column":4},"end":{"line":77,"column":16}},"loc":{"start":{"line":77,"column":34},"end":{"line":78,"column":null}},"line":77},"6":{"name":"(anonymous_6)","decl":{"start":{"line":81,"column":4},"end":{"line":81,"column":13}},"loc":{"start":{"line":81,"column":13},"end":{"line":84,"column":null}},"line":81},"7":{"name":"(anonymous_7)","decl":{"start":{"line":83,"column":12},"end":{"line":83,"column":18}},"loc":{"start":{"line":83,"column":26},"end":{"line":83,"column":50}},"line":83},"8":{"name":"(anonymous_8)","decl":{"start":{"line":87,"column":8},"end":{"line":87,"column":27}},"loc":{"start":{"line":87,"column":27},"end":{"line":88,"column":null}},"line":87},"9":{"name":"(anonymous_9)","decl":{"start":{"line":91,"column":4},"end":{"line":91,"column":11}},"loc":{"start":{"line":91,"column":45},"end":{"line":92,"column":null}},"line":91},"10":{"name":"sql","decl":{"start":{"line":98,"column":16},"end":{"line":98,"column":20}},"loc":{"start":{"line":98,"column":81},"end":{"line":106,"column":null}},"line":98},"11":{"name":"rawsql","decl":{"start":{"line":109,"column":16},"end":{"line":109,"column":23}},"loc":{"start":{"line":109,"column":111},"end":{"line":126,"column":null}},"line":109}},"branchMap":{"0":{"loc":{"start":{"line":23,"column":4},"end":{"line":24,"column":null}},"type":"if","locations":[{"start":{"line":23,"column":4},"end":{"line":24,"column":null}},{"start":{},"end":{}}],"line":23},"1":{"loc":{"start":{"line":42,"column":25},"end":{"line":42,"column":null}},"type":"binary-expr","locations":[{"start":{"line":42,"column":25},"end":{"line":42,"column":43}},{"start":{"line":42,"column":43},"end":{"line":42,"column":null}}],"line":42},"2":{"loc":{"start":{"line":43,"column":22},"end":{"line":43,"column":null}},"type":"binary-expr","locations":[{"start":{"line":43,"column":22},"end":{"line":43,"column":37}},{"start":{"line":43,"column":37},"end":{"line":43,"column":null}}],"line":43},"3":{"loc":{"start":{"line":47,"column":25},"end":{"line":47,"column":null}},"type":"binary-expr","locations":[{"start":{"line":47,"column":25},"end":{"line":47,"column":43}},{"start":{"line":47,"column":43},"end":{"line":47,"column":null}}],"line":47},"4":{"loc":{"start":{"line":49,"column":8},"end":{"line":53,"column":null}},"type":"if","locations":[{"start":{"line":49,"column":8},"end":{"line":53,"column":null}},{"start":{},"end":{}}],"line":49},"5":{"loc":{"start":{"line":50,"column":12},"end":{"line":51,"column":null}},"type":"if","locations":[{"start":{"line":50,"column":12},"end":{"line":51,"column":null}},{"start":{},"end":{}}],"line":50},"6":{"loc":{"start":{"line":50,"column":16},"end":{"line":50,"column":41}},"type":"binary-expr","locations":[{"start":{"line":50,"column":16},"end":{"line":50,"column":31}},{"start":{"line":50,"column":31},"end":{"line":50,"column":41}}],"line":50},"7":{"loc":{"start":{"line":55,"column":8},"end":{"line":56,"column":null}},"type":"if","locations":[{"start":{"line":55,"column":8},"end":{"line":56,"column":null}},{"start":{},"end":{}}],"line":55},"8":{"loc":{"start":{"line":102,"column":8},"end":{"line":103,"column":null}},"type":"if","locations":[{"start":{"line":102,"column":8},"end":{"line":103,"column":null}},{"start":{},"end":{}}],"line":102},"9":{"loc":{"start":{"line":113,"column":8},"end":{"line":123,"column":null}},"type":"if","locations":[{"start":{"line":113,"column":8},"end":{"line":123,"column":null}},{"start":{},"end":{}}],"line":113},"10":{"loc":{"start":{"line":115,"column":12},"end":{"line":117,"column":null}},"type":"if","locations":[{"start":{"line":115,"column":12},"end":{"line":117,"column":null}},{"start":{},"end":{}}],"line":115},"11":{"loc":{"start":{"line":119,"column":12},"end":{"line":121,"column":null}},"type":"if","locations":[{"start":{"line":119,"column":12},"end":{"line":121,"column":null}},{"start":{},"end":{}}],"line":119}},"s":{"0":1,"1":0,"2":1,"3":10,"4":10,"5":10,"6":35,"7":35,"8":35,"9":0,"10":0,"11":0,"12":35,"13":0,"14":35,"15":9,"16":34,"17":1,"18":1,"19":1,"20":1,"21":0,"22":0,"23":1,"24":1,"25":1,"26":1,"27":1,"28":1,"29":0,"30":1,"31":1,"32":1,"33":1,"34":2,"35":2,"36":1,"37":1,"38":0,"39":0,"40":1,"41":0,"42":0,"43":1,"44":1},"f":{"0":1,"1":10,"2":35,"3":9,"4":34,"5":1,"6":1,"7":1,"8":0,"9":0,"10":1,"11":1},"b":{"0":[0,1],"1":[10,10],"2":[10,0],"3":[35,35],"4":[0,35],"5":[0,0],"6":[0,0],"7":[0,35],"8":[0,1],"9":[1,1],"10":[0,1],"11":[0,1]},"meta":{"lastBranch":12,"lastFunction":12,"lastStatement":45,"seen":{"f:22:16:22:27":0,"b:23:4:24:Infinity:undefined:undefined:undefined:undefined":0,"s:23:4:24:Infinity":0,"s:24:8:24:Infinity":1,"s:26:4:26:Infinity":2,"f:37:4:37:16":1,"s:41:8:41:Infinity":3,"s:42:8:42:Infinity":4,"b:42:25:42:43:42:43:42:Infinity":1,"s:43:8:43:Infinity":5,"b:43:22:43:37:43:37:43:Infinity":2,"f:46:4:46:11":2,"s:47:25:47:Infinity":6,"b:47:25:47:43:47:43:47:Infinity":3,"s:48:14:48:28":7,"b:49:8:53:Infinity:undefined:undefined:undefined:undefined":4,"s:49:8:53:Infinity":8,"b:50:12:51:Infinity:undefined:undefined:undefined:undefined":5,"s:50:12:51:Infinity":9,"b:50:16:50:31:50:31:50:41":6,"s:51:16:51:Infinity":10,"s:53:12:53:Infinity":11,"b:55:8:56:Infinity:undefined:undefined:undefined:undefined":7,"s:55:8:56:Infinity":12,"s:56:12:56:Infinity":13,"s:58:8:58:Infinity":14,"f:62:4:62:13":3,"s:63:8:67:Infinity":15,"f:64:12:64:18":4,"s:65:16:65:Infinity":16,"s:71:0:71:Infinity":17,"f:77:4:77:16":5,"s:78:8:78:Infinity":18,"f:81:4:81:13":6,"s:82:8:84:Infinity":19,"f:83:12:83:18":7,"s:83:26:83:50":20,"f:87:8:87:27":8,"s:88:8:88:Infinity":21,"f:91:4:91:11":9,"s:92:8:92:Infinity":22,"s:96:0:96:Infinity":23,"f:98:16:98:20":10,"s:99:16:99:34":24,"s:100:4:103:Infinity":25,"s:100:17:100:20":26,"s:101:8:101:Infinity":27,"b:102:8:103:Infinity:undefined:undefined:undefined:undefined":8,"s:102:8:103:Infinity":28,"s:103:12:103:Infinity":29,"s:106:4:106:Infinity":30,"f:109:16:109:23":11,"s:110:16:110:34":31,"s:111:4:123:Infinity":32,"s:111:17:111:20":33,"s:112:8:112:Infinity":34,"b:113:8:123:Infinity:undefined:undefined:undefined:undefined":9,"s:113:8:123:Infinity":35,"s:114:24:114:Infinity":36,"b:115:12:117:Infinity:undefined:undefined:undefined:undefined":10,"s:115:12:117:Infinity":37,"s:116:16:116:Infinity":38,"s:117:16:117:Infinity":39,"b:119:12:121:Infinity:undefined:undefined:undefined:undefined":11,"s:119:12:121:Infinity":40,"s:120:16:120:Infinity":41,"s:121:16:121:Infinity":42,"s:123:12:123:Infinity":43,"s:126:4:126:Infinity":44}}}
,"Z:\\codes\\aghsorm\\src\\utils.ts": {"path":"Z:\\codes\\aghsorm\\src\\utils.ts","statementMap":{"0":{"start":{"line":7,"column":4},"end":{"line":9,"column":null}},"1":{"start":{"line":8,"column":8},"end":{"line":8,"column":null}},"2":{"start":{"line":9,"column":8},"end":{"line":9,"column":null}},"3":{"start":{"line":11,"column":4},"end":{"line":13,"column":null}},"4":{"start":{"line":12,"column":8},"end":{"line":12,"column":null}},"5":{"start":{"line":13,"column":8},"end":{"line":13,"column":null}},"6":{"start":{"line":15,"column":4},"end":{"line":17,"column":null}},"7":{"start":{"line":16,"column":8},"end":{"line":16,"column":null}},"8":{"start":{"line":17,"column":8},"end":{"line":17,"column":null}},"9":{"start":{"line":19,"column":4},"end":{"line":21,"column":null}},"10":{"start":{"line":20,"column":8},"end":{"line":20,"column":null}},"11":{"start":{"line":21,"column":8},"end":{"line":21,"column":null}},"12":{"start":{"line":23,"column":4},"end":{"line":25,"column":null}},"13":{"start":{"line":24,"column":8},"end":{"line":24,"column":null}},"14":{"start":{"line":25,"column":8},"end":{"line":25,"column":null}},"15":{"start":{"line":27,"column":4},"end":{"line":27,"column":null}},"16":{"start":{"line":32,"column":4},"end":{"line":32,"column":null}}},"fnMap":{"0":{"name":"opItemToSQL","decl":{"start":{"line":6,"column":16},"end":{"line":6,"column":28}},"loc":{"start":{"line":6,"column":65},"end":{"line":27,"column":null}},"line":6},"1":{"name":"QuoteSQLStringLiteral","decl":{"start":{"line":31,"column":16},"end":{"line":31,"column":38}},"loc":{"start":{"line":31,"column":49},"end":{"line":32,"column":null}},"line":31}},"branchMap":{"0":{"loc":{"start":{"line":7,"column":4},"end":{"line":9,"column":null}},"type":"if","locations":[{"start":{"line":7,"column":4},"end":{"line":9,"column":null}},{"start":{},"end":{}}],"line":7},"1":{"loc":{"start":{"line":11,"column":4},"end":{"line":13,"column":null}},"type":"if","locations":[{"start":{"line":11,"column":4},"end":{"line":13,"column":null}},{"start":{},"end":{}}],"line":11},"2":{"loc":{"start":{"line":15,"column":4},"end":{"line":17,"column":null}},"type":"if","locations":[{"start":{"line":15,"column":4},"end":{"line":17,"column":null}},{"start":{},"end":{}}],"line":15},"3":{"loc":{"start":{"line":19,"column":4},"end":{"line":21,"column":null}},"type":"if","locations":[{"start":{"line":19,"column":4},"end":{"line":21,"column":null}},{"start":{},"end":{}}],"line":19},"4":{"loc":{"start":{"line":23,"column":4},"end":{"line":25,"column":null}},"type":"if","locations":[{"start":{"line":23,"column":4},"end":{"line":25,"column":null}},{"start":{},"end":{}}],"line":23}},"s":{"0":103,"1":0,"2":0,"3":103,"4":0,"5":0,"6":103,"7":70,"8":70,"9":33,"10":0,"11":0,"12":33,"13":0,"14":0,"15":33,"16":0},"f":{"0":103,"1":0},"b":{"0":[0,103],"1":[0,103],"2":[70,33],"3":[0,33],"4":[0,33]},"meta":{"lastBranch":5,"lastFunction":2,"lastStatement":17,"seen":{"f:6:16:6:28":0,"b:7:4:9:Infinity:undefined:undefined:undefined:undefined":0,"s:7:4:9:Infinity":0,"s:8:8:8:Infinity":1,"s:9:8:9:Infinity":2,"b:11:4:13:Infinity:undefined:undefined:undefined:undefined":1,"s:11:4:13:Infinity":3,"s:12:8:12:Infinity":4,"s:13:8:13:Infinity":5,"b:15:4:17:Infinity:undefined:undefined:undefined:undefined":2,"s:15:4:17:Infinity":6,"s:16:8:16:Infinity":7,"s:17:8:17:Infinity":8,"b:19:4:21:Infinity:undefined:undefined:undefined:undefined":3,"s:19:4:21:Infinity":9,"s:20:8:20:Infinity":10,"s:21:8:21:Infinity":11,"b:23:4:25:Infinity:undefined:undefined:undefined:undefined":4,"s:23:4:25:Infinity":12,"s:24:8:24:Infinity":13,"s:25:8:25:Infinity":14,"s:27:4:27:Infinity":15,"f:31:16:31:38":1,"s:32:4:32:Infinity":16}}}
}
